<?xml version="1.0" encoding="UTF-8"?>
<testsuite xmlns:xsi="http://www.w3.org/2001/XMLSchema-instance" xsi:noNamespaceSchemaLocation="https://maven.apache.org/surefire/maven-surefire-plugin/xsd/surefire-test-report-3.0.xsd" version="3.0" name="testRunner.TestRunner" time="20.361" tests="2" errors="0" skipped="0" failures="0">
  <properties>
[...]
</properties>
  <testcase name="Launch Browser" classname="Login to Facebook" time="2.503">
    <system-out><![CDATA[
Scenario: Launch Browser          # src/test/resources/features/login_facebook.feature:3
12:49:32.252 [main] DEBUG io.github.bonigarcia.wdm.WebDriverManager - Using WebDriverManager 5.7.0
12:49:32.532 [main] DEBUG io.github.bonigarcia.wdm.cache.ResolutionCache - Removing resolution chrome=122 from cache (expired on Mon Mar 04 15:30:49 IST 2024)
12:49:32.559 [main] DEBUG org.apache.hc.client5.http.impl.classic.InternalHttpClient - ex-0000000001 preparing request execution
12:49:32.569 [main] DEBUG org.apache.hc.client5.http.impl.classic.ProtocolExec - ex-0000000001 target auth state: UNCHALLENGED
12:49:32.569 [main] DEBUG org.apache.hc.client5.http.impl.classic.ProtocolExec - ex-0000000001 proxy auth state: UNCHALLENGED
12:49:32.569 [main] DEBUG org.apache.hc.client5.http.impl.classic.ConnectExec - ex-0000000001 acquiring connection with route {s}->https://raw.githubusercontent.com:443
12:49:32.569 [main] DEBUG org.apache.hc.client5.http.impl.classic.InternalHttpClient - ex-0000000001 acquiring endpoint (3 MINUTES)
12:49:32.570 [main] DEBUG org.apache.hc.client5.http.impl.io.PoolingHttpClientConnectionManager - ex-0000000001 endpoint lease request (3 MINUTES) [route: {s}->https://raw.githubusercontent.com:443][total available: 0; route allocated: 0 of 5; total allocated: 0 of 25]
12:49:32.576 [main] DEBUG org.apache.hc.client5.http.impl.io.PoolingHttpClientConnectionManager - ex-0000000001 endpoint leased [route: {s}->https://raw.githubusercontent.com:443][total available: 0; route allocated: 1 of 5; total allocated: 1 of 25]
12:49:32.583 [main] DEBUG org.apache.hc.client5.http.impl.io.PoolingHttpClientConnectionManager - ex-0000000001 acquired ep-0000000001
12:49:32.583 [main] DEBUG org.apache.hc.client5.http.impl.classic.InternalHttpClient - ex-0000000001 acquired endpoint ep-0000000001
12:49:32.583 [main] DEBUG org.apache.hc.client5.http.impl.classic.ConnectExec - ex-0000000001 opening connection {s}->https://raw.githubusercontent.com:443
12:49:32.583 [main] DEBUG org.apache.hc.client5.http.impl.classic.InternalHttpClient - ep-0000000001 connecting endpoint (null)
12:49:32.584 [main] DEBUG org.apache.hc.client5.http.impl.io.PoolingHttpClientConnectionManager - ep-0000000001 connecting endpoint to https://raw.githubusercontent.com:443 (30 SECONDS)
12:49:32.585 [main] DEBUG org.apache.hc.client5.http.impl.io.DefaultHttpClientConnectionOperator - raw.githubusercontent.com resolving remote address
12:49:32.591 [main] DEBUG org.apache.hc.client5.http.impl.io.DefaultHttpClientConnectionOperator - raw.githubusercontent.com resolved to [raw.githubusercontent.com/185.199.109.133, raw.githubusercontent.com/185.199.110.133, raw.githubusercontent.com/185.199.108.133, raw.githubusercontent.com/185.199.111.133, raw.githubusercontent.com/2606:50c0:8003:0:0:0:0:154, raw.githubusercontent.com/2606:50c0:8000:0:0:0:0:154, raw.githubusercontent.com/2606:50c0:8001:0:0:0:0:154, raw.githubusercontent.com/2606:50c0:8002:0:0:0:0:154]
12:49:32.598 [main] DEBUG org.apache.hc.client5.http.impl.io.DefaultHttpClientConnectionOperator - raw.githubusercontent.com:443 connecting null->raw.githubusercontent.com/185.199.109.133:443 (30 SECONDS)
12:49:32.598 [main] DEBUG org.apache.hc.client5.http.ssl.SSLConnectionSocketFactory - Connecting socket to raw.githubusercontent.com/185.199.109.133:443 with timeout 30 SECONDS
12:49:32.646 [main] DEBUG org.apache.hc.client5.http.ssl.SSLConnectionSocketFactory - Enabled protocols: [TLSv1.3, TLSv1.2]
12:49:32.648 [main] DEBUG org.apache.hc.client5.http.ssl.SSLConnectionSocketFactory - Enabled cipher suites: [TLS_AES_256_GCM_SHA384, TLS_AES_128_GCM_SHA256, TLS_CHACHA20_POLY1305_SHA256, TLS_ECDHE_ECDSA_WITH_AES_256_GCM_SHA384, TLS_ECDHE_ECDSA_WITH_AES_128_GCM_SHA256, TLS_ECDHE_ECDSA_WITH_CHACHA20_POLY1305_SHA256, TLS_ECDHE_RSA_WITH_AES_256_GCM_SHA384, TLS_ECDHE_RSA_WITH_CHACHA20_POLY1305_SHA256, TLS_ECDHE_RSA_WITH_AES_128_GCM_SHA256, TLS_DHE_RSA_WITH_AES_256_GCM_SHA384, TLS_DHE_RSA_WITH_CHACHA20_POLY1305_SHA256, TLS_DHE_DSS_WITH_AES_256_GCM_SHA384, TLS_DHE_RSA_WITH_AES_128_GCM_SHA256, TLS_DHE_DSS_WITH_AES_128_GCM_SHA256, TLS_ECDHE_ECDSA_WITH_AES_256_CBC_SHA384, TLS_ECDHE_RSA_WITH_AES_256_CBC_SHA384, TLS_ECDHE_ECDSA_WITH_AES_128_CBC_SHA256, TLS_ECDHE_RSA_WITH_AES_128_CBC_SHA256, TLS_DHE_RSA_WITH_AES_256_CBC_SHA256, TLS_DHE_DSS_WITH_AES_256_CBC_SHA256, TLS_DHE_RSA_WITH_AES_128_CBC_SHA256, TLS_DHE_DSS_WITH_AES_128_CBC_SHA256, TLS_ECDH_ECDSA_WITH_AES_256_GCM_SHA384, TLS_ECDH_RSA_WITH_AES_256_GCM_SHA384, TLS_ECDH_ECDSA_WITH_AES_128_GCM_SHA256, TLS_ECDH_RSA_WITH_AES_128_GCM_SHA256, TLS_ECDH_ECDSA_WITH_AES_256_CBC_SHA384, TLS_ECDH_RSA_WITH_AES_256_CBC_SHA384, TLS_ECDH_ECDSA_WITH_AES_128_CBC_SHA256, TLS_ECDH_RSA_WITH_AES_128_CBC_SHA256, TLS_ECDHE_ECDSA_WITH_AES_256_CBC_SHA, TLS_ECDHE_RSA_WITH_AES_256_CBC_SHA, TLS_ECDHE_ECDSA_WITH_AES_128_CBC_SHA, TLS_ECDHE_RSA_WITH_AES_128_CBC_SHA, TLS_DHE_RSA_WITH_AES_256_CBC_SHA, TLS_DHE_DSS_WITH_AES_256_CBC_SHA, TLS_DHE_RSA_WITH_AES_128_CBC_SHA, TLS_DHE_DSS_WITH_AES_128_CBC_SHA, TLS_ECDH_ECDSA_WITH_AES_256_CBC_SHA, TLS_ECDH_RSA_WITH_AES_256_CBC_SHA, TLS_ECDH_ECDSA_WITH_AES_128_CBC_SHA, TLS_ECDH_RSA_WITH_AES_128_CBC_SHA, TLS_RSA_WITH_AES_256_GCM_SHA384, TLS_RSA_WITH_AES_128_GCM_SHA256, TLS_RSA_WITH_AES_256_CBC_SHA256, TLS_RSA_WITH_AES_128_CBC_SHA256, TLS_RSA_WITH_AES_256_CBC_SHA, TLS_RSA_WITH_AES_128_CBC_SHA, TLS_EMPTY_RENEGOTIATION_INFO_SCSV]
12:49:32.648 [main] DEBUG org.apache.hc.client5.http.ssl.SSLConnectionSocketFactory - Starting handshake (null)
12:49:32.854 [main] DEBUG org.apache.hc.client5.http.ssl.SSLConnectionSocketFactory - Secure session established
12:49:32.854 [main] DEBUG org.apache.hc.client5.http.ssl.SSLConnectionSocketFactory -  negotiated protocol: TLSv1.3
12:49:32.854 [main] DEBUG org.apache.hc.client5.http.ssl.SSLConnectionSocketFactory -  negotiated cipher suite: TLS_AES_128_GCM_SHA256
12:49:32.854 [main] DEBUG org.apache.hc.client5.http.ssl.SSLConnectionSocketFactory -  peer principal: CN=*.github.io, O="GitHub, Inc.", L=San Francisco, ST=California, C=US
12:49:32.855 [main] DEBUG org.apache.hc.client5.http.ssl.SSLConnectionSocketFactory -  peer alternative names: [*.github.io, github.io, *.github.com, github.com, www.github.com, *.githubusercontent.com, githubusercontent.com]
12:49:32.855 [main] DEBUG org.apache.hc.client5.http.ssl.SSLConnectionSocketFactory -  issuer principal: CN=DigiCert TLS RSA SHA256 2020 CA1, O=DigiCert Inc, C=US
12:49:32.856 [main] DEBUG org.apache.hc.client5.http.impl.io.DefaultManagedHttpClientConnection - http-outgoing-0 set socket timeout to 3 MINUTES
12:49:32.856 [main] DEBUG org.apache.hc.client5.http.impl.io.DefaultHttpClientConnectionOperator - raw.githubusercontent.com:443 connected null->raw.githubusercontent.com/185.199.109.133:443 as http-outgoing-0
12:49:32.856 [main] DEBUG org.apache.hc.client5.http.impl.io.PoolingHttpClientConnectionManager - ep-0000000001 connected http-outgoing-0
12:49:32.856 [main] DEBUG org.apache.hc.client5.http.impl.classic.InternalHttpClient - ep-0000000001 endpoint connected
12:49:32.856 [main] DEBUG org.apache.hc.client5.http.impl.classic.MainClientExec - ex-0000000001 executing GET /bonigarcia/webdrivermanager/master/src/main/resources/commands.properties HTTP/1.1
12:49:32.857 [main] DEBUG org.apache.hc.client5.http.protocol.RequestAddCookies - ex-0000000001 Cookie spec selected: strict
12:49:32.861 [main] DEBUG org.apache.hc.client5.http.impl.classic.InternalHttpClient - ep-0000000001 start execution ex-0000000001
12:49:32.861 [main] DEBUG org.apache.hc.client5.http.impl.io.PoolingHttpClientConnectionManager - ep-0000000001 executing exchange ex-0000000001 over http-outgoing-0
12:49:32.861 [main] DEBUG org.apache.hc.client5.http.headers - http-outgoing-0 >> GET /bonigarcia/webdrivermanager/master/src/main/resources/commands.properties HTTP/1.1
12:49:32.861 [main] DEBUG org.apache.hc.client5.http.headers - http-outgoing-0 >> user-agent: Apache-HttpClient/5.0
12:49:32.861 [main] DEBUG org.apache.hc.client5.http.headers - http-outgoing-0 >> accept-encoding: gzip, deflate, br
12:49:32.861 [main] DEBUG org.apache.hc.client5.http.headers - http-outgoing-0 >> cache-control: max-age=0
12:49:32.861 [main] DEBUG org.apache.hc.client5.http.headers - http-outgoing-0 >> connection: keep-alive
12:49:32.861 [main] DEBUG org.apache.hc.client5.http.headers - http-outgoing-0 >> Host: raw.githubusercontent.com
12:49:32.861 [main] DEBUG org.apache.hc.client5.http.wire - http-outgoing-0 >> "GET /bonigarcia/webdrivermanager/master/src/main/resources/commands.properties HTTP/1.1[\r][\n]"
12:49:32.861 [main] DEBUG org.apache.hc.client5.http.wire - http-outgoing-0 >> "user-agent: Apache-HttpClient/5.0[\r][\n]"
12:49:32.861 [main] DEBUG org.apache.hc.client5.http.wire - http-outgoing-0 >> "accept-encoding: gzip, deflate, br[\r][\n]"
12:49:32.861 [main] DEBUG org.apache.hc.client5.http.wire - http-outgoing-0 >> "cache-control: max-age=0[\r][\n]"
12:49:32.861 [main] DEBUG org.apache.hc.client5.http.wire - http-outgoing-0 >> "connection: keep-alive[\r][\n]"
12:49:32.862 [main] DEBUG org.apache.hc.client5.http.wire - http-outgoing-0 >> "Host: raw.githubusercontent.com[\r][\n]"
12:49:32.862 [main] DEBUG org.apache.hc.client5.http.wire - http-outgoing-0 >> "[\r][\n]"
12:49:32.872 [main] DEBUG org.apache.hc.client5.http.wire - http-outgoing-0 << "HTTP/1.1 200 OK[\r][\n]"
12:49:32.872 [main] DEBUG org.apache.hc.client5.http.wire - http-outgoing-0 << "Connection: keep-alive[\r][\n]"
12:49:32.872 [main] DEBUG org.apache.hc.client5.http.wire - http-outgoing-0 << "Content-Length: 745[\r][\n]"
12:49:32.872 [main] DEBUG org.apache.hc.client5.http.wire - http-outgoing-0 << "Cache-Control: max-age=300[\r][\n]"
12:49:32.872 [main] DEBUG org.apache.hc.client5.http.wire - http-outgoing-0 << "Content-Security-Policy: default-src 'none'; style-src 'unsafe-inline'; sandbox[\r][\n]"
12:49:32.872 [main] DEBUG org.apache.hc.client5.http.wire - http-outgoing-0 << "Content-Type: text/plain; charset=utf-8[\r][\n]"
12:49:32.872 [main] DEBUG org.apache.hc.client5.http.wire - http-outgoing-0 << "ETag: W/"dd41edff335272162022217759820159dac501cff56850e2510f504462cd9b5f"[\r][\n]"
12:49:32.872 [main] DEBUG org.apache.hc.client5.http.wire - http-outgoing-0 << "Strict-Transport-Security: max-age=31536000[\r][\n]"
12:49:32.872 [main] DEBUG org.apache.hc.client5.http.wire - http-outgoing-0 << "X-Content-Type-Options: nosniff[\r][\n]"
12:49:32.872 [main] DEBUG org.apache.hc.client5.http.wire - http-outgoing-0 << "X-Frame-Options: deny[\r][\n]"
12:49:32.872 [main] DEBUG org.apache.hc.client5.http.wire - http-outgoing-0 << "X-XSS-Protection: 1; mode=block[\r][\n]"
12:49:32.872 [main] DEBUG org.apache.hc.client5.http.wire - http-outgoing-0 << "X-GitHub-Request-Id: 087E:351C49:F858E:14756E:65E663E6[\r][\n]"
12:49:32.872 [main] DEBUG org.apache.hc.client5.http.wire - http-outgoing-0 << "Content-Encoding: gzip[\r][\n]"
12:49:32.872 [main] DEBUG org.apache.hc.client5.http.wire - http-outgoing-0 << "Accept-Ranges: bytes[\r][\n]"
12:49:32.872 [main] DEBUG org.apache.hc.client5.http.wire - http-outgoing-0 << "Date: Wed, 06 Mar 2024 07:19:37 GMT[\r][\n]"
12:49:32.872 [main] DEBUG org.apache.hc.client5.http.wire - http-outgoing-0 << "Via: 1.1 varnish[\r][\n]"
12:49:32.872 [main] DEBUG org.apache.hc.client5.http.wire - http-outgoing-0 << "X-Served-By: cache-maa10232-MAA[\r][\n]"
12:49:32.874 [main] DEBUG org.apache.hc.client5.http.wire - http-outgoing-0 << "X-Cache: HIT[\r][\n]"
12:49:32.874 [main] DEBUG org.apache.hc.client5.http.wire - http-outgoing-0 << "X-Cache-Hits: 1[\r][\n]"
12:49:32.874 [main] DEBUG org.apache.hc.client5.http.wire - http-outgoing-0 << "X-Timer: S1709709578.508357,VS0,VE1[\r][\n]"
12:49:32.874 [main] DEBUG org.apache.hc.client5.http.wire - http-outgoing-0 << "Vary: Authorization,Accept-Encoding,Origin[\r][\n]"
12:49:32.874 [main] DEBUG org.apache.hc.client5.http.wire - http-outgoing-0 << "Access-Control-Allow-Origin: *[\r][\n]"
12:49:32.874 [main] DEBUG org.apache.hc.client5.http.wire - http-outgoing-0 << "Cross-Origin-Resource-Policy: cross-origin[\r][\n]"
12:49:32.874 [main] DEBUG org.apache.hc.client5.http.wire - http-outgoing-0 << "X-Fastly-Request-ID: c77772fe15bfc9aa534156641d29f0207f073df7[\r][\n]"
12:49:32.874 [main] DEBUG org.apache.hc.client5.http.wire - http-outgoing-0 << "Expires: Wed, 06 Mar 2024 07:24:37 GMT[\r][\n]"
12:49:32.874 [main] DEBUG org.apache.hc.client5.http.wire - http-outgoing-0 << "Source-Age: 88[\r][\n]"
12:49:32.874 [main] DEBUG org.apache.hc.client5.http.wire - http-outgoing-0 << "[\r][\n]"
12:49:32.875 [main] DEBUG org.apache.hc.client5.http.headers - http-outgoing-0 << HTTP/1.1 200 OK
12:49:32.875 [main] DEBUG org.apache.hc.client5.http.headers - http-outgoing-0 << Connection: keep-alive
12:49:32.875 [main] DEBUG org.apache.hc.client5.http.headers - http-outgoing-0 << Content-Length: 745
12:49:32.875 [main] DEBUG org.apache.hc.client5.http.headers - http-outgoing-0 << Cache-Control: max-age=300
12:49:32.875 [main] DEBUG org.apache.hc.client5.http.headers - http-outgoing-0 << Content-Security-Policy: default-src 'none'; style-src 'unsafe-inline'; sandbox
12:49:32.875 [main] DEBUG org.apache.hc.client5.http.headers - http-outgoing-0 << Content-Type: text/plain; charset=utf-8
12:49:32.875 [main] DEBUG org.apache.hc.client5.http.headers - http-outgoing-0 << ETag: W/"dd41edff335272162022217759820159dac501cff56850e2510f504462cd9b5f"
12:49:32.875 [main] DEBUG org.apache.hc.client5.http.headers - http-outgoing-0 << Strict-Transport-Security: max-age=31536000
12:49:32.875 [main] DEBUG org.apache.hc.client5.http.headers - http-outgoing-0 << X-Content-Type-Options: nosniff
12:49:32.875 [main] DEBUG org.apache.hc.client5.http.headers - http-outgoing-0 << X-Frame-Options: deny
12:49:32.875 [main] DEBUG org.apache.hc.client5.http.headers - http-outgoing-0 << X-XSS-Protection: 1; mode=block
12:49:32.875 [main] DEBUG org.apache.hc.client5.http.headers - http-outgoing-0 << X-GitHub-Request-Id: 087E:351C49:F858E:14756E:65E663E6
12:49:32.875 [main] DEBUG org.apache.hc.client5.http.headers - http-outgoing-0 << Content-Encoding: gzip
12:49:32.875 [main] DEBUG org.apache.hc.client5.http.headers - http-outgoing-0 << Accept-Ranges: bytes
12:49:32.875 [main] DEBUG org.apache.hc.client5.http.headers - http-outgoing-0 << Date: Wed, 06 Mar 2024 07:19:37 GMT
12:49:32.875 [main] DEBUG org.apache.hc.client5.http.headers - http-outgoing-0 << Via: 1.1 varnish
12:49:32.875 [main] DEBUG org.apache.hc.client5.http.headers - http-outgoing-0 << X-Served-By: cache-maa10232-MAA
12:49:32.876 [main] DEBUG org.apache.hc.client5.http.headers - http-outgoing-0 << X-Cache: HIT
12:49:32.876 [main] DEBUG org.apache.hc.client5.http.headers - http-outgoing-0 << X-Cache-Hits: 1
12:49:32.876 [main] DEBUG org.apache.hc.client5.http.headers - http-outgoing-0 << X-Timer: S1709709578.508357,VS0,VE1
12:49:32.876 [main] DEBUG org.apache.hc.client5.http.headers - http-outgoing-0 << Vary: Authorization,Accept-Encoding,Origin
12:49:32.876 [main] DEBUG org.apache.hc.client5.http.headers - http-outgoing-0 << Access-Control-Allow-Origin: *
12:49:32.876 [main] DEBUG org.apache.hc.client5.http.headers - http-outgoing-0 << Cross-Origin-Resource-Policy: cross-origin
12:49:32.876 [main] DEBUG org.apache.hc.client5.http.headers - http-outgoing-0 << X-Fastly-Request-ID: c77772fe15bfc9aa534156641d29f0207f073df7
12:49:32.876 [main] DEBUG org.apache.hc.client5.http.headers - http-outgoing-0 << Expires: Wed, 06 Mar 2024 07:24:37 GMT
12:49:32.876 [main] DEBUG org.apache.hc.client5.http.headers - http-outgoing-0 << Source-Age: 88
12:49:32.878 [main] DEBUG org.apache.hc.client5.http.impl.classic.MainClientExec - ex-0000000001 connection can be kept alive for 3 MINUTES
12:49:32.884 [main] DEBUG org.apache.hc.client5.http.wire - http-outgoing-0 << "[0x1f][0xffffff8b][0x8][0x0][0x0][0x0][0x0][0x0][0x0][0x3][0xffffffb5]W]o[0xffffffda]0[0x14]}[0xffffffe7]W\QUj% [0x1b][0xffffffad][0xffffffa6]i[0x12][0xf]4c[0xffffffdd]4*[0x18][0xffffffb4][0xffffffdd]&[0xfffffff9][0xffffffc5]$N[0xffffffb0][0xffffff94][0xffffffd8][0xffffffc8]NJ[0xffffffb7]_?[0xffffffdb][0xfffffff9]X[0xffffff92]:[0xffffffa3]k[0xffffffe8][0x1b][0xffffffb6][0xffffffef]=[0xffffffe7][0xffffffd8][0xfffffff7][0xffffffe4][0xffffffda][0xffffff9c][0xffffff80][0xffffffcb][0xffffffe3][0x18]3_[0xffffff82][0xffffff8f][0x13][0xffffffbc][0xffffffc1][0xffffff92][0xfffffff4]N[0xffffffe0]vK%[0x4]4"[0xffffffe0]q[0xffffff96]`[0xffffffca]$$[=[0xffffffc8]C[0x13][0xe][0x1b][0x2][0xffffffe4][0xffffff91]xiB|[0xffffffa0][0xffffffcc],[0xffffffcb]-[0xffffff89]"=[0xffffffe0][0xffffffc2]'B[0x7][0xfffffff9]$!^b[0x16][0x1f][0xffffff88][0xffffff90][0xffffff94][0xffffffab][0xffffffb5][0x0][0xffffff88][0xfffffffa][0x1d][\n]"
12:49:32.884 [main] DEBUG org.apache.hc.client5.http.wire - http-outgoing-0 << "B[0x18]l[0x4][0xffffffdf]K[0xffffffb5][0xffffffa0]([0xffffffcf][0xffffffdc][0xffffffad][0xffffffe0]1[0x19][0xffffffc0]'*H[0xffffffc0][0x1f][0x7][0xffffffb0][0xffffffd8][0x11][0xffffff81][0x7]0[0xfffffff3]C5kVi[0x1a][0xffffff9f]k|[0xffffff9f][0x6][0x1][0x11][0xffffff84]%[0xffffffc0]uLBY[0x8][0xfffffff2][0xffffff97]LH,[0xffffffe1][0xffffffec];e[0xffffffbe]B[0x1d][0xffffffc0][0xffffff9c][0xffffffb2]T[0xffffffc1][0xffffffdc]`[0xf][0x16][0xffffffeb][0xfffffff3][0xffffff9e][0xffffffe2][0xffffffc8](z[0xfffffff9]6F[0xffffff9e][0x19][0xffffff8e][0xfffffff6]Y[0xffffffc2][0xffffffe8][0xffffffcd][0xffffffdb][0xffffff89][0x17][0xfffffffb]#[0xffffffb5]+p\[0xffffffd8][0xffffffc7][0xffffffd4]3Gb[0xffffff8e]a[0xffffffbf]U|[0xffffffc0]pL&[0xfffffffd][0xffffffd3][0xffffffe5]jq[0xffffffbd][0xffffff9a][0xffffffde]|[0xfffffffa]2[0xffffff9f][0xffffffad]?[0xffffffa0][0x9]B[0xffffffa7][0x8]]s[0x1e]F[0x4][0xffffffa1][0xffffff8c][0x2][0xffffffa1][0xffffffe9]n[0x17]QOI[0xffffffe3][0xc][0xffffffa1][0xffffff9c]H![0xfffffff7]!$[0x9][0xffffffdc][0xffffffe7]g[0xffffffe1]<[0xffffffe0](m[0xffffffd7]3~[0xffffff81][0xffffff9e][0xffffffb3][0x1f][0xffffffef][0xffffffdf][0xffffff9d][0xffffffbf][0xffffffa6][0xffffffa8][0xffffff8b]g[0xffffff8a][0xffffff9a]/[0xffffffdc][0xffffffe9]|[0xffffffba]\~[0xffffff9c][0xffffffde]N_S[0xffffffcf][0xffffffe5]d5[0xffffffbb][0xffffff86]ow[0xffffffb3][0xffffffd5]O[0xfffffff8][0xfffffffc][0xffffffd5][0xffffffbd]Ck[0x1e]${,H[0xffffffc1][0xffffff96][0xffffff93]][0xffffffcd][0xffffffaf][0x8][0xfffffff6][0xc]^[0xffffffe1][0xffffffc5]^[0x13]4[0xffffffd2][0xffffff8e][0xffffffd1]>pR)[0xffffff9c][\r]eNh0[0xffffff86][0xffffffd9]:[0xc][0xffffff87]E[0xffffffa6]=q<i[0xffffff8b]o&[0xffffffc4][0xffffffd8]3<[0xffffff95][0x13][0xffffff90]N&8w[0xffffffe9][0x8][0xffffffef]v[0xffffff8e][0xffffffab][0xffffffbe]>es[0xffffffe9]([0x13]/[0xffffffd6][0xfffffff5][0xffffff80]*[0xffffffba][0xfffffff2]v[0xfffffffe][0xffffffd9][0xffffff94]DA6>[0xffffff8e][0xffffffbb]o[0xfffffff8]o[0x1a]E[0xffffffb8] A[0xffffffa8]@?T[0xffffffad]'*:{[0xfffffffa]xR.*[0xffffffce][0xffffffe9][0xffffffd7][0xffffffad][0xffffff93][0xffffff93]4[0xffffffc9][0xfffffffa][0xffffffda]<n*t[0xffffffeb][0xffffffb9]oV[0xffffffb6][0xffffffc0]/M[0xffffff94]O[0xffffffc0][0xfffffff0][0xffffffe1]i[0xffffff90][0xffffffb5][0xfffffffe]9[0xffffff8b][0xffffffad][0xfffffff2]U,Ul[0xffffffdd][0x13]KL[0xffffffa2][0x6][0xffffffdd][0xffffffca]\?`[0xffffffea][0x9].[0xffffffd5]I [0xffffffa4]i[0x1a]_i,[\r][0xffffffdd][0xffffffa1][0xffffffc3][0xffffffae]kzI[0xffffffd1]_Q[0xffffffce]Ek[0xffffffcb][0xfffffff8]Kf[0xffffffb8][0xfffffffe][0xffffffd9]3[0xc][0xffffffe6][0xffffffd3][0xffffff8e][0x11][0x17][0x10]C[0x1d]`i[0x19][0xffffffd5][0xffffffbc][0xfffffff1][0xffffffa4]5[0xffffffbc][0x1e]o[0xfffffff5]K[0xffffffa9][0xffffffd6][0xfffffff8][0xffffffc1]f[0xffffff9b]z[0x4][0xffffffd4][0x1a][0xffffff86][0xffffffb9]^K[0x16]s[0xffffff91][0xfffffffe][0xffffffbf][0xffffff8b]l]~)x(p,[0x11]2[0x14][0x8]E8e[0xffffff9e][0xffffffca]:X[0xffffffa6][0xffffff86][0xffffff88].[0xffffffb6]9[0xffffff9a][0xffffff88].[0xfffffff7]]G[0xffffffea][0xffffffcb][0xe][0xfffffffb][0x7f].u[0xffffff83][0xffffffbb][0xfffffff4][0xffffffb3][0x19][0xffffffda][0xffffffec][0xffffff98][0xffffffc5]Y[0xfffffffd]h8m6\4[0xffffffc1][0xffffff8a][0xffffffb7][0xffffff98]z[0xffffffd0][0xffffffd5]oF5q[0x1c][0x13][0x16][0xfffffff0][0x1d][0x1e][0x19]5-[0xffffff9d][0xffffffef][0xffffffad]c[0xb]z[0xffffffae]/m[0xffffffe6]8[0xffffffb6][0xffffff96][0xfffffff6]7X[0xffffffc9]t[0xfffffff8][0xfffffff9][0xffffffa5][0x11]K[0xfffffffb][0x15]3[0xffffffc3][0xfffffffc][0x1f]B[0xffffffdb][0xffffffd3][0xffffffab][0xffffff92]4.[0xffffff93]Z[0xffffffdf]]:[0xffffffda][0xffffffea][0xffffffdc]B[0xffffffa6][0xffffffcd][0xffffffbc][0xffffffae][0x5][0xfffffff5][0x4][0xffffffd6]8[0xffffffc0][0xffffff82][0xffffff96][0xfffffff0][0xffffffd2][0xc][0xffffffed][0xffffffe0]Y[0xffffffa8][\r]:[[0xffffffa9][0x0][0xffffffff][0x1][0xfffffff8][0x15][0xffffffb4][0xffffffee][0xffffff8e][\r][0x0][0x0]"
12:49:32.885 [main] DEBUG org.apache.hc.client5.http.impl.classic.InternalHttpClient - ep-0000000001 releasing valid endpoint
12:49:32.885 [main] DEBUG org.apache.hc.client5.http.impl.io.PoolingHttpClientConnectionManager - ep-0000000001 releasing endpoint
12:49:32.885 [main] DEBUG org.apache.hc.client5.http.impl.io.PoolingHttpClientConnectionManager - ep-0000000001 connection http-outgoing-0 can be kept alive for 3 MINUTES
12:49:32.885 [main] DEBUG org.apache.hc.client5.http.impl.io.PoolingHttpClientConnectionManager - ep-0000000001 connection released [route: {s}->https://raw.githubusercontent.com:443][total available: 1; route allocated: 1 of 5; total allocated: 1 of 25]
12:49:32.885 [main] DEBUG io.github.bonigarcia.wdm.versions.VersionDetector - Detecting chrome version using online commands.properties
12:49:32.887 [main] DEBUG io.github.bonigarcia.wdm.versions.Shell - Running command on the shell: [cmd.exe, /C, wmic, datafile, where, name="%PROGRAMFILES:\=\\%\\Google\\Chrome\\Application\\chrome.exe", get, Version, /value]
12:49:33.048 [main] DEBUG io.github.bonigarcia.wdm.versions.Shell - Result: Version=122.0.6261.95
12:49:33.050 [main] DEBUG io.github.bonigarcia.wdm.cache.ResolutionCache - Removing resolution chrome122=122.0.6261.94 from cache (expired on Tue Mar 05 14:30:49 IST 2024)
12:49:33.055 [main] DEBUG org.apache.hc.client5.http.impl.classic.InternalHttpClient - ex-0000000002 preparing request execution
12:49:33.055 [main] DEBUG org.apache.hc.client5.http.impl.classic.ProtocolExec - ex-0000000002 target auth state: UNCHALLENGED
12:49:33.055 [main] DEBUG org.apache.hc.client5.http.impl.classic.ProtocolExec - ex-0000000002 proxy auth state: UNCHALLENGED
12:49:33.055 [main] DEBUG org.apache.hc.client5.http.impl.classic.ConnectExec - ex-0000000002 acquiring connection with route {s}->https://googlechromelabs.github.io:443
12:49:33.055 [main] DEBUG org.apache.hc.client5.http.impl.classic.InternalHttpClient - ex-0000000002 acquiring endpoint (3 MINUTES)
12:49:33.055 [main] DEBUG org.apache.hc.client5.http.impl.io.PoolingHttpClientConnectionManager - ex-0000000002 endpoint lease request (3 MINUTES) [route: {s}->https://googlechromelabs.github.io:443][total available: 1; route allocated: 0 of 5; total allocated: 1 of 25]
12:49:33.055 [main] DEBUG org.apache.hc.client5.http.impl.io.PoolingHttpClientConnectionManager - ex-0000000002 endpoint leased [route: {s}->https://googlechromelabs.github.io:443][total available: 1; route allocated: 1 of 5; total allocated: 2 of 25]
12:49:33.055 [main] DEBUG org.apache.hc.client5.http.impl.io.PoolingHttpClientConnectionManager - ex-0000000002 acquired ep-0000000002
12:49:33.055 [main] DEBUG org.apache.hc.client5.http.impl.classic.InternalHttpClient - ex-0000000002 acquired endpoint ep-0000000002
12:49:33.055 [main] DEBUG org.apache.hc.client5.http.impl.classic.ConnectExec - ex-0000000002 opening connection {s}->https://googlechromelabs.github.io:443
12:49:33.055 [main] DEBUG org.apache.hc.client5.http.impl.classic.InternalHttpClient - ep-0000000002 connecting endpoint (null)
12:49:33.055 [main] DEBUG org.apache.hc.client5.http.impl.io.PoolingHttpClientConnectionManager - ep-0000000002 connecting endpoint to https://googlechromelabs.github.io:443 (30 SECONDS)
12:49:33.055 [main] DEBUG org.apache.hc.client5.http.impl.io.DefaultHttpClientConnectionOperator - googlechromelabs.github.io resolving remote address
12:49:33.108 [main] DEBUG org.apache.hc.client5.http.impl.io.DefaultHttpClientConnectionOperator - googlechromelabs.github.io resolved to [googlechromelabs.github.io/185.199.111.153, googlechromelabs.github.io/185.199.109.153, googlechromelabs.github.io/185.199.110.153, googlechromelabs.github.io/185.199.108.153, googlechromelabs.github.io/2606:50c0:8000:0:0:0:0:153, googlechromelabs.github.io/2606:50c0:8001:0:0:0:0:153, googlechromelabs.github.io/2606:50c0:8002:0:0:0:0:153, googlechromelabs.github.io/2606:50c0:8003:0:0:0:0:153]
12:49:33.109 [main] DEBUG org.apache.hc.client5.http.impl.io.DefaultHttpClientConnectionOperator - googlechromelabs.github.io:443 connecting null->googlechromelabs.github.io/185.199.111.153:443 (30 SECONDS)
12:49:33.109 [main] DEBUG org.apache.hc.client5.http.ssl.SSLConnectionSocketFactory - Connecting socket to googlechromelabs.github.io/185.199.111.153:443 with timeout 30 SECONDS
12:49:33.120 [main] DEBUG org.apache.hc.client5.http.ssl.SSLConnectionSocketFactory - Enabled protocols: [TLSv1.3, TLSv1.2]
12:49:33.120 [main] DEBUG org.apache.hc.client5.http.ssl.SSLConnectionSocketFactory - Enabled cipher suites: [TLS_AES_256_GCM_SHA384, TLS_AES_128_GCM_SHA256, TLS_CHACHA20_POLY1305_SHA256, TLS_ECDHE_ECDSA_WITH_AES_256_GCM_SHA384, TLS_ECDHE_ECDSA_WITH_AES_128_GCM_SHA256, TLS_ECDHE_ECDSA_WITH_CHACHA20_POLY1305_SHA256, TLS_ECDHE_RSA_WITH_AES_256_GCM_SHA384, TLS_ECDHE_RSA_WITH_CHACHA20_POLY1305_SHA256, TLS_ECDHE_RSA_WITH_AES_128_GCM_SHA256, TLS_DHE_RSA_WITH_AES_256_GCM_SHA384, TLS_DHE_RSA_WITH_CHACHA20_POLY1305_SHA256, TLS_DHE_DSS_WITH_AES_256_GCM_SHA384, TLS_DHE_RSA_WITH_AES_128_GCM_SHA256, TLS_DHE_DSS_WITH_AES_128_GCM_SHA256, TLS_ECDHE_ECDSA_WITH_AES_256_CBC_SHA384, TLS_ECDHE_RSA_WITH_AES_256_CBC_SHA384, TLS_ECDHE_ECDSA_WITH_AES_128_CBC_SHA256, TLS_ECDHE_RSA_WITH_AES_128_CBC_SHA256, TLS_DHE_RSA_WITH_AES_256_CBC_SHA256, TLS_DHE_DSS_WITH_AES_256_CBC_SHA256, TLS_DHE_RSA_WITH_AES_128_CBC_SHA256, TLS_DHE_DSS_WITH_AES_128_CBC_SHA256, TLS_ECDH_ECDSA_WITH_AES_256_GCM_SHA384, TLS_ECDH_RSA_WITH_AES_256_GCM_SHA384, TLS_ECDH_ECDSA_WITH_AES_128_GCM_SHA256, TLS_ECDH_RSA_WITH_AES_128_GCM_SHA256, TLS_ECDH_ECDSA_WITH_AES_256_CBC_SHA384, TLS_ECDH_RSA_WITH_AES_256_CBC_SHA384, TLS_ECDH_ECDSA_WITH_AES_128_CBC_SHA256, TLS_ECDH_RSA_WITH_AES_128_CBC_SHA256, TLS_ECDHE_ECDSA_WITH_AES_256_CBC_SHA, TLS_ECDHE_RSA_WITH_AES_256_CBC_SHA, TLS_ECDHE_ECDSA_WITH_AES_128_CBC_SHA, TLS_ECDHE_RSA_WITH_AES_128_CBC_SHA, TLS_DHE_RSA_WITH_AES_256_CBC_SHA, TLS_DHE_DSS_WITH_AES_256_CBC_SHA, TLS_DHE_RSA_WITH_AES_128_CBC_SHA, TLS_DHE_DSS_WITH_AES_128_CBC_SHA, TLS_ECDH_ECDSA_WITH_AES_256_CBC_SHA, TLS_ECDH_RSA_WITH_AES_256_CBC_SHA, TLS_ECDH_ECDSA_WITH_AES_128_CBC_SHA, TLS_ECDH_RSA_WITH_AES_128_CBC_SHA, TLS_RSA_WITH_AES_256_GCM_SHA384, TLS_RSA_WITH_AES_128_GCM_SHA256, TLS_RSA_WITH_AES_256_CBC_SHA256, TLS_RSA_WITH_AES_128_CBC_SHA256, TLS_RSA_WITH_AES_256_CBC_SHA, TLS_RSA_WITH_AES_128_CBC_SHA, TLS_EMPTY_RENEGOTIATION_INFO_SCSV]
12:49:33.120 [main] DEBUG org.apache.hc.client5.http.ssl.SSLConnectionSocketFactory - Starting handshake (null)
12:49:33.267 [main] DEBUG org.apache.hc.client5.http.ssl.SSLConnectionSocketFactory - Secure session established
12:49:33.267 [main] DEBUG org.apache.hc.client5.http.ssl.SSLConnectionSocketFactory -  negotiated protocol: TLSv1.3
12:49:33.267 [main] DEBUG org.apache.hc.client5.http.ssl.SSLConnectionSocketFactory -  negotiated cipher suite: TLS_AES_128_GCM_SHA256
12:49:33.267 [main] DEBUG org.apache.hc.client5.http.ssl.SSLConnectionSocketFactory -  peer principal: CN=*.github.io, O="GitHub, Inc.", L=San Francisco, ST=California, C=US
12:49:33.267 [main] DEBUG org.apache.hc.client5.http.ssl.SSLConnectionSocketFactory -  peer alternative names: [*.github.io, github.io, *.github.com, github.com, www.github.com, *.githubusercontent.com, githubusercontent.com]
12:49:33.267 [main] DEBUG org.apache.hc.client5.http.ssl.SSLConnectionSocketFactory -  issuer principal: CN=DigiCert TLS RSA SHA256 2020 CA1, O=DigiCert Inc, C=US
12:49:33.267 [main] DEBUG org.apache.hc.client5.http.impl.io.DefaultManagedHttpClientConnection - http-outgoing-1 set socket timeout to 3 MINUTES
12:49:33.267 [main] DEBUG org.apache.hc.client5.http.impl.io.DefaultHttpClientConnectionOperator - googlechromelabs.github.io:443 connected null->googlechromelabs.github.io/185.199.111.153:443 as http-outgoing-1
12:49:33.267 [main] DEBUG org.apache.hc.client5.http.impl.io.PoolingHttpClientConnectionManager - ep-0000000002 connected http-outgoing-1
12:49:33.267 [main] DEBUG org.apache.hc.client5.http.impl.classic.InternalHttpClient - ep-0000000002 endpoint connected
12:49:33.267 [main] DEBUG org.apache.hc.client5.http.impl.classic.MainClientExec - ex-0000000002 executing GET /chrome-for-testing/known-good-versions-with-downloads.json HTTP/1.1
12:49:33.267 [main] DEBUG org.apache.hc.client5.http.protocol.RequestAddCookies - ex-0000000002 Cookie spec selected: strict
12:49:33.267 [main] DEBUG org.apache.hc.client5.http.impl.classic.InternalHttpClient - ep-0000000002 start execution ex-0000000002
12:49:33.267 [main] DEBUG org.apache.hc.client5.http.impl.io.PoolingHttpClientConnectionManager - ep-0000000002 executing exchange ex-0000000002 over http-outgoing-1
12:49:33.267 [main] DEBUG org.apache.hc.client5.http.headers - http-outgoing-1 >> GET /chrome-for-testing/known-good-versions-with-downloads.json HTTP/1.1
12:49:33.267 [main] DEBUG org.apache.hc.client5.http.headers - http-outgoing-1 >> user-agent: Apache-HttpClient/5.0
12:49:33.267 [main] DEBUG org.apache.hc.client5.http.headers - http-outgoing-1 >> accept-encoding: gzip, deflate, br
12:49:33.267 [main] DEBUG org.apache.hc.client5.http.headers - http-outgoing-1 >> cache-control: max-age=0
12:49:33.267 [main] DEBUG org.apache.hc.client5.http.headers - http-outgoing-1 >> connection: keep-alive
12:49:33.267 [main] DEBUG org.apache.hc.client5.http.headers - http-outgoing-1 >> Host: googlechromelabs.github.io
12:49:33.267 [main] DEBUG org.apache.hc.client5.http.wire - http-outgoing-1 >> "GET /chrome-for-testing/known-good-versions-with-downloads.json HTTP/1.1[\r][\n]"
12:49:33.267 [main] DEBUG org.apache.hc.client5.http.wire - http-outgoing-1 >> "user-agent: Apache-HttpClient/5.0[\r][\n]"
12:49:33.267 [main] DEBUG org.apache.hc.client5.http.wire - http-outgoing-1 >> "accept-encoding: gzip, deflate, br[\r][\n]"
12:49:33.267 [main] DEBUG org.apache.hc.client5.http.wire - http-outgoing-1 >> "cache-control: max-age=0[\r][\n]"
12:49:33.268 [main] DEBUG org.apache.hc.client5.http.wire - http-outgoing-1 >> "connection: keep-alive[\r][\n]"
12:49:33.268 [main] DEBUG org.apache.hc.client5.http.wire - http-outgoing-1 >> "Host: googlechromelabs.github.io[\r][\n]"
12:49:33.268 [main] DEBUG org.apache.hc.client5.http.wire - http-outgoing-1 >> "[\r][\n]"
12:49:33.280 [main] DEBUG org.apache.hc.client5.http.wire - http-outgoing-1 << "HTTP/1.1 200 OK[\r][\n]"
12:49:33.280 [main] DEBUG org.apache.hc.client5.http.wire - http-outgoing-1 << "Connection: keep-alive[\r][\n]"
12:49:33.280 [main] DEBUG org.apache.hc.client5.http.wire - http-outgoing-1 << "Content-Length: 30497[\r][\n]"
12:49:33.280 [main] DEBUG org.apache.hc.client5.http.wire - http-outgoing-1 << "Server: GitHub.com[\r][\n]"
12:49:33.280 [main] DEBUG org.apache.hc.client5.http.wire - http-outgoing-1 << "Content-Type: application/json; charset=utf-8[\r][\n]"
12:49:33.280 [main] DEBUG org.apache.hc.client5.http.wire - http-outgoing-1 << "permissions-policy: interest-cohort=()[\r][\n]"
12:49:33.280 [main] DEBUG org.apache.hc.client5.http.wire - http-outgoing-1 << "x-origin-cache: HIT[\r][\n]"
12:49:33.280 [main] DEBUG org.apache.hc.client5.http.wire - http-outgoing-1 << "Last-Modified: Wed, 06 Mar 2024 07:09:25 GMT[\r][\n]"
12:49:33.280 [main] DEBUG org.apache.hc.client5.http.wire - http-outgoing-1 << "Access-Control-Allow-Origin: *[\r][\n]"
12:49:33.280 [main] DEBUG org.apache.hc.client5.http.wire - http-outgoing-1 << "Strict-Transport-Security: max-age=31556952[\r][\n]"
12:49:33.280 [main] DEBUG org.apache.hc.client5.http.wire - http-outgoing-1 << "ETag: W/"65e816a5-e1aa8"[\r][\n]"
12:49:33.280 [main] DEBUG org.apache.hc.client5.http.wire - http-outgoing-1 << "expires: Wed, 06 Mar 2024 07:19:30 GMT[\r][\n]"
12:49:33.280 [main] DEBUG org.apache.hc.client5.http.wire - http-outgoing-1 << "Cache-Control: max-age=600[\r][\n]"
12:49:33.280 [main] DEBUG org.apache.hc.client5.http.wire - http-outgoing-1 << "Content-Encoding: gzip[\r][\n]"
12:49:33.280 [main] DEBUG org.apache.hc.client5.http.wire - http-outgoing-1 << "x-proxy-cache: HIT[\r][\n]"
12:49:33.280 [main] DEBUG org.apache.hc.client5.http.wire - http-outgoing-1 << "X-GitHub-Request-Id: 9984:31A12:79374:90CD9:65E81760[\r][\n]"
12:49:33.280 [main] DEBUG org.apache.hc.client5.http.wire - http-outgoing-1 << "Accept-Ranges: bytes[\r][\n]"
12:49:33.280 [main] DEBUG org.apache.hc.client5.http.wire - http-outgoing-1 << "Date: Wed, 06 Mar 2024 07:19:37 GMT[\r][\n]"
12:49:33.280 [main] DEBUG org.apache.hc.client5.http.wire - http-outgoing-1 << "Via: 1.1 varnish[\r][\n]"
12:49:33.280 [main] DEBUG org.apache.hc.client5.http.wire - http-outgoing-1 << "Age: 392[\r][\n]"
12:49:33.280 [main] DEBUG org.apache.hc.client5.http.wire - http-outgoing-1 << "X-Served-By: cache-maa10229-MAA[\r][\n]"
12:49:33.280 [main] DEBUG org.apache.hc.client5.http.wire - http-outgoing-1 << "X-Cache: HIT[\r][\n]"
12:49:33.280 [main] DEBUG org.apache.hc.client5.http.wire - http-outgoing-1 << "X-Cache-Hits: 6[\r][\n]"
12:49:33.280 [main] DEBUG org.apache.hc.client5.http.wire - http-outgoing-1 << "X-Timer: S1709709578.913579,VS0,VE1[\r][\n]"
12:49:33.280 [main] DEBUG org.apache.hc.client5.http.wire - http-outgoing-1 << "Vary: Accept-Encoding[\r][\n]"
12:49:33.280 [main] DEBUG org.apache.hc.client5.http.wire - http-outgoing-1 << "X-Fastly-Request-ID: cec55d964d5ab827340680918c16c569bb5439c6[\r][\n]"
12:49:33.280 [main] DEBUG org.apache.hc.client5.http.wire - http-outgoing-1 << "[\r][\n]"
12:49:33.281 [main] DEBUG org.apache.hc.client5.http.headers - http-outgoing-1 << HTTP/1.1 200 OK
12:49:33.281 [main] DEBUG org.apache.hc.client5.http.headers - http-outgoing-1 << Connection: keep-alive
12:49:33.281 [main] DEBUG org.apache.hc.client5.http.headers - http-outgoing-1 << Content-Length: 30497
12:49:33.281 [main] DEBUG org.apache.hc.client5.http.headers - http-outgoing-1 << Server: GitHub.com
12:49:33.281 [main] DEBUG org.apache.hc.client5.http.headers - http-outgoing-1 << Content-Type: application/json; charset=utf-8
12:49:33.281 [main] DEBUG org.apache.hc.client5.http.headers - http-outgoing-1 << permissions-policy: interest-cohort=()
12:49:33.281 [main] DEBUG org.apache.hc.client5.http.headers - http-outgoing-1 << x-origin-cache: HIT
12:49:33.281 [main] DEBUG org.apache.hc.client5.http.headers - http-outgoing-1 << Last-Modified: Wed, 06 Mar 2024 07:09:25 GMT
12:49:33.281 [main] DEBUG org.apache.hc.client5.http.headers - http-outgoing-1 << Access-Control-Allow-Origin: *
12:49:33.281 [main] DEBUG org.apache.hc.client5.http.headers - http-outgoing-1 << Strict-Transport-Security: max-age=31556952
12:49:33.281 [main] DEBUG org.apache.hc.client5.http.headers - http-outgoing-1 << ETag: W/"65e816a5-e1aa8"
12:49:33.281 [main] DEBUG org.apache.hc.client5.http.headers - http-outgoing-1 << expires: Wed, 06 Mar 2024 07:19:30 GMT
12:49:33.281 [main] DEBUG org.apache.hc.client5.http.headers - http-outgoing-1 << Cache-Control: max-age=600
12:49:33.281 [main] DEBUG org.apache.hc.client5.http.headers - http-outgoing-1 << Content-Encoding: gzip
12:49:33.281 [main] DEBUG org.apache.hc.client5.http.headers - http-outgoing-1 << x-proxy-cache: HIT
12:49:33.281 [main] DEBUG org.apache.hc.client5.http.headers - http-outgoing-1 << X-GitHub-Request-Id: 9984:31A12:79374:90CD9:65E81760
12:49:33.281 [main] DEBUG org.apache.hc.client5.http.headers - http-outgoing-1 << Accept-Ranges: bytes
12:49:33.281 [main] DEBUG org.apache.hc.client5.http.headers - http-outgoing-1 << Date: Wed, 06 Mar 2024 07:19:37 GMT
12:49:33.281 [main] DEBUG org.apache.hc.client5.http.headers - http-outgoing-1 << Via: 1.1 varnish
12:49:33.281 [main] DEBUG org.apache.hc.client5.http.headers - http-outgoing-1 << Age: 392
12:49:33.281 [main] DEBUG org.apache.hc.client5.http.headers - http-outgoing-1 << X-Served-By: cache-maa10229-MAA
12:49:33.281 [main] DEBUG org.apache.hc.client5.http.headers - http-outgoing-1 << X-Cache: HIT
12:49:33.281 [main] DEBUG org.apache.hc.client5.http.headers - http-outgoing-1 << X-Cache-Hits: 6
12:49:33.281 [main] DEBUG org.apache.hc.client5.http.headers - http-outgoing-1 << X-Timer: S1709709578.913579,VS0,VE1
12:49:33.281 [main] DEBUG org.apache.hc.client5.http.headers - http-outgoing-1 << Vary: Accept-Encoding
12:49:33.281 [main] DEBUG org.apache.hc.client5.http.headers - http-outgoing-1 << X-Fastly-Request-ID: cec55d964d5ab827340680918c16c569bb5439c6
12:49:33.281 [main] DEBUG org.apache.hc.client5.http.impl.classic.MainClientExec - ex-0000000002 connection can be kept alive for 3 MINUTES
12:49:33.282 [main] DEBUG org.apache.hc.client5.http.wire - http-outgoing-1 << "[0x1f][0xffffff8b][0x8][0x0][0x0][0x0][0x0][0x0][0x0][0x3][0xffffffcd][0xffffffbd][0xffffffcd][0xffffff8e],[0xffffffcb]uf9[0xffffffef][0xffffffc7][0xffffffe0][0xffffffb8]x[0x15]nfn?z[0xffffff8e][0x1e]u[0xffffffa3][0x6]l[0xffffff89]-[0x11][0xffffffa0]D[0xffffff81]TU5[0xffffffba]P[0xffffffef][0xffffffde][0xffffff91][0xffffff91]yN[0xffffffe6][0xffffffb5][0xfffffffd][0xffffffc5][0xffffffe9][0x1b]~[0xffffff88][0xffffffbd][0xffffffbe]A[0xffffffa1] [0xffffff95][0xfffffff2][0xffffffb8][0xffffff95][0xffffffb0][0xffffffb0][0xffffffb0][0xffffffe8]a{[0xfffffffb][0xffffffff][0xfffffffc][0xffffffdd][0x7f][0xfffffffe][0xffffffe9][0xffffffdf][0xfffffffe][0xfffffff8][0xffffffb7][0xffffffff][0xfffffffc][0xffffffc3][0xffffffbf][0xfffffffd][0xffffffc7][0xffffffef][0xfffffffe][0xfffffff1]w[0xffffffe5]V[0xffffffda][0xffffffef]o[0xfffffff5][0xfffffff7][0xffffffb7][0xfffffff3][0x7f]?[0xffffffda]?[0xffffffde][0xffffffd6]?[0xffffffde][0xffffffda]/[0xffffffa5][0xffffff95][0xffffffff][0xffffffe3]w[0xffffffff][0xffffffe5]w[0xffffffff][0xfffffffd][0xffffff8f][0x7f][0xfffffffd][0xffffffdb][0xffffff9f][0xfffffffe][0xfffffff2][0xffffffef][0x7f][0xfffffffb][0xffffffdd]?[0xfffffffe][0xffffff9f][0xffffffff][0xfffffff3][0xffffffdb][0x7f]q[0xffffffff][0xffffff8b][0xffffffe3][0xffffffa8][0xffffffbf][0xffffffdc]~9[0xfffffffb]([0xffffffbf][0xffffffdc][0xffffffee][0xffffffff]S[0x7f][0xfffffffd][0xffffffe3][0x7f][0xffffffff][0xffffffd3][0xfffffff7][0xffffffff][0xffffff97]r[0xffffffb4][0xfffffff3][0xffffffbc][0xffffffff]7[0xffffffff][0xfffffff9]/[0xffffffff][0xffffffe3][0xffffffdf][0xffffffff][0xfffffffc][0xffffff97]?[0xfffffffc][0xfffffff3][0xfffffffd]o[0xffffffff][0xffffffe7][0xffffffef][0xfffffffe][0xffffffe9]_[0xffffffff][0xfffffffa][0xffffff97][0x7f][0xfffffffb][0xffffffe3][0xffffffe3]_[0xfffffff9][0xffffff8f]?[0xffffffff][0xffffffe1]?[0xffffffff][0xffffffef][0xffffffbf][0xfffffffc][0xfffffff5][0xffffffdf][0xffffffee][0xffffffff][0xffffffc3][0x7f][0xfffffffe][0xffffffd3][0xffffffbf][0xffffffff][0xffffffb7][0xffffffff][0xffffffa7][0xffffffb7][0xfffffffb][0xffffffff][0xfffffff0][0x7f][0xfffffffb][0xffffffeb][0xffffff9f][0xffffffef][0xffffffff][0xfffffff5][0xffffffbf][0xfffffffe][0xffffffe7][0x7f][0xfffffffe][0xffffffc7][0xffffffdf][0xfffffffe][0xfffffff1][0x1f][0xfffffffe][0xffffffe1]o[0xffffffff][0xfffffff9][0xffffff97][0xffffffbf][0xfffffffe][0xffffffe1]_[0xfffffffe][0xfffffff8][0xffffffcb][0xffffffbf][0xfffffffc][0xffffffe5]/[0xffffffff][0xfffffff2][0xffffffe7]?[0xfffffffe][0xffffffe1]?[0xfffffffe][0xfffffff4][0xffffffb7]_[0xfffffffe][0xffffffe9]/[0xffffffff][0xfffffff6][0xf][0xffffffef][0xffffffff][0xffffffc8][0xffffffef][0xffffffef][0x7f][0xfffffffc][0xfffffffb][0xffffffff][0xffffffbc][0x1f][0xfffffffe]O[0xffffffff][0xfffffffe]/[0xffffffbf][0xffffffff][0xffffff8f][0xffffffff][0xfffffff6][0x7f][0xfffffffd][0xfffffff9]O[0xffffffff][0xfffffff4][0xf]_[0xffffffcf][0xfffffff3][0xf][0x1f][0xffffffff][0xffffffea][0xffffffb7][0xffffffff][0xfffffff1][0xffffff8f][0xffffffff][0xfffffff2][0xffffff97][0xffffffff][0xfffffff7]O[0xffffffff][0xfffffff1][0xffffffbb][0xffffffff][0xfffffff5]_~[0xfffffff5][0xfffffffc][0x7f][0xfffffffb][0xffffffc3]?[0xfffffffd][0xfffffffe][0xf][0x7f][0xfffffffd][0xffffffb7][0xffffffbf][0xfffffffb][0x9][0xffffffbe][0xffffffff][0xffffffbb][0xffffffdf][0xfffffffe][0xffffffe0][0xfffffffb][0x7f][0xffffffe3][0xffffffd9])[0xfffffffe][0xfffffffe][0xffffffff][[0xfffffff8][0xfffffff8]W[0xffffffbf][0xffffff9e][0xffffffe0][0xffffffc9][0xffffffff][0x16][0xfffffffe][0xffffffc7][0xffffff9f][0xfffffffe][0xffffffbd][0xffffff96][0xffffffbf][0xfffffff3][0xffffffd3][0x1f][0xffffffff][0xffffffe6][0xffffffb7][0xffffffff][0xffffffe1][0xffffffc7][0x7f][0xfffffff1][0xffffffe4][0xffffffc9][0x7f][0xfffffff7][0xffffffff][0x7f]?[0xfffffffe][0xffffffcd]/O[0xfffffffe][0xfffffff6][0xffffffff][0xffffffe7][0xffffffff][0xfffffffa][0xffffffbf][0xffffffde][0x1e].[0x11][0xffffffae][0xffffffa7][0x19][0xffffffc3][0xfffffff5][0xffffffc4]![0xffffffbe][0x1f][0xffffff81][0xffffffa7][0xfffffff8][0xffffffe3][0x10][0x14][0xffffffc6][0xfffffff7][0xffffffc7]S[0x1c][0xffffffbf]?[0xfffffffa]U[0xffffff90]{5[0x3][0xffffffb9]W[0x1c][0xffffffe4][0xfffffffb][0x11]x[0xffffff90]?[0xe]A[0xffffff81]|[0x7f]<[0x5][0xfffffff2][0xfffffffb][0xffffffa3][0x7f]#[0xffffffc8][0xffffffed][0xfffffff1]W[0xffffffab][0xffffff8b][0xffffffa8][0xffffffe8][0xffffffa5][0xffffffaf]t[0xffffff8e]?[0xffffffcf]Ca[0xfffffffc][0xffffffe5][0x4][0x18][0xffffffc5][0xffffffdb][0x19][0xffffff92]![0xfffffffe][0xfffffff2][0xfffffff4]d[0xffffff86][0x7f][0xfffffffd][0xffffffe4]W[0x10][0x1e][0xffffffb7])[0x10][0xffffff9e][0xfffffff5]<[0x18][0xffffff84][0x1f][0xffffffe7]A[0x11]~?[0x1][0xffffff8b][0xfffffff0][0xffffffe7][0x19][0x8][0xffffff84][0xffffffdf][0xffffff9f]N [0xfffffffc][0xfffffffd][0xffffffc9][0xffffffaf]![0xffffffbc][0x14][0xffffffc2]gk[0x14][0xffffffc2][0xb]Gx[0x19] [0xffffffbc]P[0xffffff84][0x17][0xffffff86][0xfffffff0][0xffffffba][0xffffff80][0xfffffff0]qS[0x8][0xffffffcf]:![0xffffff84][0xffffffdf][0xffffffce][0xffffffc3]"[0xfffffffc]8[0x1][0xffffff8c][0xfffffff0][0xfffffff7]3 [0x8]?[0xffffff9e][0xffffff8e] [0xfffffffc][0xffffffed][0xffffffc9][0xffffffaf]!|[0xfffffffc][0x12][0xffffffff]3[0xffffffdd]:[0xfffffffa][0xffffff8d]B[0xfffffff8]~[0x1e][0x18][0xffffffe1][0xffffffb7][0x13][0xffffffd0][0x8][0x7f];[0x3][0xffffff83][0xfffffff0][0xffffffdb][0xffffffd3][0x19][0xffffff84]?[0xffffff9e][0xfffffffc][0x1a][0xffffffc2]UXx[0xffffff8d]N[0xffffff85][0xffffffc4][0xffffffdb]y`[0xffffff84][0xffffffab][0xffffff81][0xffffff85]+j[0xffffffe1][0xffffff8a]Y[0xffffffb8]^[0xffffffb1][0xfffffff0][0x19][0x11][0xffffffae][0xffffffb7]:+[0xffffff85][0xfffffff0][0xffffff89]#|[0x1a] |[0xffffffa2][0x8][0xffffff9f][0x18][0xffffffc2][0xffffffe7][0x15][0xffffff84][0xffffffc5][0x1b][0xffffff89]z[0x14][0xffffffe0][0xffffffe5][0xfffffff0][0xffffffe7]y`[0xffffff84][\r][0xffffffde]H[0x1c][0xffffffe8][0x1b][0xffffff89][0x3]{#q\y#Qn[0xffffffbf][0xffffffb4][0xffffff88][0xfffffff0][0xffffffbc]u[0x8][0xffffffe1][0xffffffb7][0xfffffff3][0xffffffb0][0x8]?N[0x0]#[0xfffffffc][0xfffffffd][0xc][0x8][0xffffffc2][0xffffff8f][0xffffffa7]#[0x8][0x7f]{[0xfffffff2]k[0x8][0xffffff8b][0xfffffffb][0x12][0xffffffb5]4[0xe]a[0xfffffff0][0xffffffbe][0xffffffc4][0xffffff97][0x13][0xffffffd0][0x8]C[0xfffffff7]%[0xffffffbe]<[0xffffff9d]A[0xfffffff8][0xffffffb5][0xfffffffb][0x12][0x1f][0x7f][0xffffffd4][0x4][0xffffffc2][0xfffffff5]vPo$[0xffffffde][0xffffffce][0x3]#[0xffffffdc][0xc][0x10]n([0xffffffc2][\r]C[0xffffffb8]]AX[0xffffffb5]p+[0x7][0xfffffff5][0xffffffeb]\[0xffffffc1][[0xffffffb8][0x18][0xffffffb4]pA[[0xffffffb8]`-\[0xffffffae][0xffffffb4]pU![0xffffffd1][0xffffffda]*[0x10][0xffffffc2][0x15][0xf][0xffffff89]j[0x10][0x12][0x15][\r][0xffffff89][0xffffff8a][0xffffff85]D[0xffffffbd][0x12][0x12]U[0xffffffbc][0x17][0xffffffae]m[0xe][0xffffffea][0xffffff8d]D[0xffffffc5][0xffffffdf][0xb]W[0xffffff83][0xfffffff7][0xffffffc2][0x15]}/\[0xffffffb1][0xfffffff7][0xffffffc2][0xfffffff5][0xffffffca]{[0xffffffe1][0xffffffaa]Z[0xfffffff8]<n[0x18][0xffffffc2]x[0xb]W[0xffffff83][0x16][0xfffffffe]~[0x6][0x6]a[0xffffffac][0xffffff85][0xffffffbf]=[0xfffffff9]5[0xffffff84][0xffffffd5]O[0x1b][0xffffffe7]9[0xffffffa8][0xffffffff]8W[0xfffffff1][0xffffff9f]6[0xffffffaa][0xffffffc1]O[0x1b][0x15][0xfffffffd]i[0xffffffa3]b?m[0xffffffd4]+?m[0xffffffdc][0xffffffff][0xffffffa8][0xffffff98]!\p[0xffffff84][0xffffff8b][0x1][0xffffffc2][0x5]E[0xffffffb8]`[0x8][0xffffff97]+[0x8][0xffffff87]k>0[0xffffffc2][0xfffffff0]5[0xffffff9f][0xffffffc7][0x9]x[0xffffff84][0xffffffc1]k>[0xffffff8f][0xffffffa7]S[0x8][0xffffffbf]~[0xffffffcd][0xffffffe7][0xfffffffe]G[0xffffffdd][0xc][0xffffffe1][0xffffff8e]#[0xffffffdc][\r][0x10][0xffffffee]([0xffffffc2][0x1d]C[0xffffffb8]_A[0xfffffff8]pc[0xfffffff8][0xffffffe0]!>[0x1c](>X[0xffffff8c][0xf][0xffffff8e][0xffffffe3][0xffffffe3][0x12][0xffffffc8][0xffffffc5][\r][0xffffffe4][0xffffffc2][0xffffff83]\[0x1c]@.,[0xffffffc8][0xffffff85][0x3][0xffffffb9]\[0x2]9[0xe][0xffffffe7][0xffffffc3] s[0xffffffc3][0xfffffff9]_[0xffffff8f][0xffffffc0][0xffffff83][0xffffffcc][0xc][0xffffffe7][0x7f]}<[0x5][0xfffffff2]K[0xffffffc3][0xfffffff9][0xffffffdf][0xffffffff][0xffffffaa][0xffffffb9][0xffffff81][0xffffffdc]x[0xffffff90][0xffffff9b][0x3][0xffffffc8][0xffffff8d][0x5][0xffffffb9]q [0xffffffb7]K /[0xffffffb7][0x17][0xffffffc6][0xffffff8b][0x7f]c|?[0x2][0xf][0xfffffff2][0xffffffc7]!([0xffffff90][0x17][0xfffffff7][0xffffffd2]x]zk|T[0xffffffb7][0xffffff97]n[0xfffffff7][0x13][0xffffffe1]([0xffffffbf][0xffffff9d][0xffffff81]g[0xfffffff9][0xffffffdb])([0xffffff98][0xffffffdf][0xffffff9e]O[0xffffffd1][0xfffffffc][0xfffffff1][0xffffffec][0xffffffdf][0xffffff88][0xfffffff3][0xfffffff9][0xfffffffe]gb\[0xffffffbf][0xffffff8e][[0xffffffcf][0xffffffbf][0x10][0xfffffff4]y[0x1e][\n]"
12:49:33.282 [main] DEBUG org.apache.hc.client5.http.wire - http-outgoing-1 << "[0xffffffe5]/'[0xffffffc0]@[0xffffffde][0xffffffce][0xffffff90][0xffffff8c][0xfffffff1][0xffffff97][0xffffffa7]'C[0xfffffffc][0xffffffeb]'[0xffffffbf][0xffffff84]p[0x13][0xffffffe3][0xfffffffa]u[0xffffffd4][0xffffff99][0x7f]-[0xfffffff3][0xfffffff3]<,[0xffffffc2][\r][0x1d][0xffffffd7][0xffffffdf][0xffffffce][0xffffff80] [0xffffffdc][0xffffff80]q[0xfffffffd]_?[0xfffffff9]5[0xffffff84][0xf][0xffffff85][0xfffffff0][0xffffffd9][0xfffffff2][0xffffff93][0xffffffe2][0xfffffff3]<0[0xffffffc2][0xffffff87][0x1][0xffffffc2][0x7][0xffffff8a][0xfffffff0][0xffffff81]!|\AX[0xffffffdd],[0x1e][0xffffffe7][0x1a][0x14][0xffffffc2][0xffffffe0][0xffffffcd][0xffffffe2]/'[0xffffffa0][0x11][0xffffff86]n[0x16][0x7f]y:[0xffffff83][0xfffffff0]k7[0xffffff8b]?[0xfffffffe]H[0xffffffdd],[0x1e][0xffffffbd][0xffffffe5]/[0x10][0xfffffffc]<[0xf][0xffffff8c]0z[0xffffffb3]x;[0x3][0xffffff83]0p[0xffffffb3][0xfffffff8][0xffffffd7]O~[\r][0xffffffe1]&[0x11]^[0xfffffff9][0x1b]'>[0xffffffcf][0x3]#[0xffffffdc][0xc][0x10]n([0xffffffc2][\r]C[0xffffffb8]]Ax[0x8][0xffffff84]g)XH[0xc][0x1c][0xffffffe1]a[0xffffff80][0xfffffff0]@[0x11][0x1e][0x18][0xffffffc2][0xffffffe3][\n]"
12:49:33.282 [main] DEBUG org.apache.hc.client5.http.wire - http-outgoing-1 << "[0xffffffc2][0xffffffea][0xffffffa5][0xffffffda][0xffffff9c]'fa[0xfffffffc][0xffffffa5]Z3x[0xffffffa9][0xffffffd6][0xffffffd0][0xffffff97]j[\r]{[0xffffffa9][0xffffffd6][0xffffffae][0xffffffbc]T;[0xffffffd5]K[0xffffffb5]U[0xe][\n]"
12:49:33.282 [main] DEBUG org.apache.hc.client5.http.wire - http-outgoing-1 << "[0xffffffe1][0x13][0x7f][0xffffffa9]v[0x1a][0xffffffbc]T;[0xffffffd1][0xffffff97]j'[0xfffffff6]R[0xffffffed][0xffffffbc][0xfffffff2]R[0xffffffed]T/[0xffffffd5]V+[0xffffffd4]K[0xffffffb5][0x13][0x7f][0xffffffa9]v[0x1a][0xffffffbc]T;[0xffffffd1][0xffffff97]j'[0xfffffff6]R[0xffffffed][0xffffffbc][0xfffffff2]R[0xffffffed][0xfffffffe]GqD[0xffffff89]E[0x18][0x1b]Q[0xfffffffa]r[0x2][0x1e]adD[0xffffffe9][0xffffffcb][0xffffffd3])[0xffffff84]_[0x19]Q[0xfffffffa][0xfffffff8][0xffffffa3][0xffffffa2][0x10][0xffffffbe]w5[0xffffff85]p[0xffffffc1][0x11].[0x6][0x8][0x17][0x14][0xffffffe1][0xffffff82]"
12:49:33.282 [main] DEBUG org.apache.hc.client5.http.wire - http-outgoing-1 << "!\[0xffffffae] ,[0xffffffde][0xb][0xffffffb7][0xffffffdb][0xffffffad][0xffffffe4]o_[0xfffffffb]<[0xf][0xffffff8c][0xffffffb0][0xffffffc1]{[0xffffffe1][0x13]}/|b[0xffffffef][0xffffff85][0xffffffcf]+[0xffffffef][0xffffff85][0xffffffcf]S!|[0x2][0x1b]'>[0xffffffcf][0x3]#|[0x1a] |[0xffffffa2][0x8][0xffffff9f][0x18][0xffffffc2][0xffffffe7][0x15][0xffffff84][0xffffffc5][0xffffffe7][0xffffffbd][0xffffffee][0x8]c7[0xffffffd5]N[0xfffffff0][0xfffffff3]^_N@#[0xc]}[0xffffffde][0xffffffeb][0xffffffcb][0xffffffd3][0x19][0xffffff84]_[0xfffffffb][0xffffffbc][0xffffffd7][0xffffffc7][0x1f][0xffffff89][0xffffff9f]6[0xffffffda][0xffffffad]s[0x16][0xffffffc6][0x7f][0xffffffda]8[\r]~[0xffffffda]8[0xffffffd1][0xffffff9f]6N[0xffffffec][0xffffffa7][0xffffff8d][0xfffffff3][0xffffffca]O[0x1b][0xffffffa7][0xffffffd8][0xffffff81]yG[0x18][0xfffffff8][0xffffffb0][0xffffffcc][0xffffffe7]y`[0xffffff84][0xffffffd1][0x1d][0xffffff98][0xffffffdb][0x19][0x18][0xffffff84][0xffffff81][0x1d][0xffffff98][0xffffffbf]~[0xfffffff2]k[0x8][0xffffff8b]_[0xffffffe7][0xffffffda]m[0xc][0xffffffea][0xffffffbe][0xfffffff0][0xffffff89][0xffffffff]:w[0x1a][0xfffffffc]:w[0xffffffa2][0xffffffbf][0xffffffce][0xffffff9d][0xffffffd8][0xffffffaf]s[0xffffffe7][0xffffff95]_[0xffffffe7][0xffffffba][0xfffffff8]i[0xffffffa3]!_[0xffffffe5][0xfffffff8]<[0xf][0xffffff8b]p7[0xfffffff8]i[0xffffffa3][0xffffffa3]?mt[0xffffffec][0xffffffa7][0xffffff8d]~[0xffffffe5][0xffffffa7][0xffffff8d].[0xffffffee][0xb][0xffffffb7][0xffffffa3]W[0xffffffea][0xffffffa5]Z[0xffffffc7][0xffffffef][0xb]w[0xffffff83][0xfffffffb][0xffffffc2][0x1d][0xffffffbd]/[0xffffffdc][0xffffffb1][0xfffffffb][0xffffffc2][0xfffffffd][0xffffffca]}[0xffffffe1][0xfffffffb][0x1f]53[0xffffff84][0xffffffb1][0xf][0xffffffcb]|9[0x1][0xffffff8f]0[0xfffffff2]a[0xffffff99]/O[0xffffffa7][0x10]~[0xffffffe5][0xffffffc3]2[0x1f][0x7f][0xffffffa4]~[0xffffffda]8V[0xffffffa7]Z[0xffffffb8][0xffffffe3]?mt[0xffffff83][0xffffff9f]6:[0xfffffffa][0xffffffd3]F[0xffffffc7]~[0xffffffda][0xffffffe8]?[0xfffffffc]i[0xffffffe3][0xffffffbf]|@[0xfffffff8][0xffffffcf][0x7f][0xfffffffd][0xffffffd3][0x1d]d[0x2][0xffffffc5][0xfffffff7]';[0x0][0xfffffff9]q[0x12][0x1c][0xffffffcb]/[0xffffffe7][0xffffff80][0xffffffe0][0xfffffffc]8[0x1][0xffffff86][0xffffffe8][0xffffffe7][0xfffffff3][0xffffffff][0x7f]]{[\n]"
12:49:33.282 [main] DEBUG org.apache.hc.client5.http.wire - http-outgoing-1 << "[0xffffffd7][0xffffff96][0xe]|V[0xfffffffc][0xfffffff3]<[0xffffffb0]kO[0x3][0xffffffd7][0xffffff9e][0x1][0xffffffea]L[0xffffff9c]O[0xffffffcc][0xffffffb5][0xffffffa7][0xffffff93]k#[0xffffff8a][0xffffff8c]k[0x15][0xffffff90][0xffffff8c]k#[0xffffff96][0xfffffff9][0xffffffae][0xffffffdd][0xffffffe1][0xffffffcc]v[0xffffffed][0xffffff8e][0xffffffe8][0xb][0xffffffae]U[0xffffffbf][0xffffffb4][0xffffffd5]cb[0xffffffae][0xffffffc5][0x7f]i[0xffffffeb][0x6][0xffffffbf][0xffffffb4]u[0xfffffff4][0xffffff97][0xffffffb6][0xffffff8e][0xfffffffd][0xffffffd2][0xffffffd6][0x7f][0xfffffff8]K[[0xffffffb6]k#[0xffffff8a][0xffffff8c]k[0x15][0xffffff90][0xffffff8c]k#[0xffffff96][0xfffffff9][0xffffffae][0xffffffdd][0xffffffe1][0xffffffcc]v[0xffffffed][0xffffff8e][0xffffffe8][0xb][0xffffffae]U?[0x9][0xffffffd7][0xffffffb3]b?F[0xffffffe0]?[0x9]w[0xffffff83][0xffffff9f][0xffffff84];[0xfffffffa][0xffffff93]p[0xffffffc7]~[0x12][0xffffffee]?[0xfffffffc]I8[0xffffffdb][0xffffffb5][0x11]E[0xffffffc6][0xffffffb5][\n]"
12:49:33.282 [main] DEBUG org.apache.hc.client5.http.wire - http-outgoing-1 << "H[0xffffffc6][0xffffffb5][0x11][0xffffffcb]|[0xffffffd7][0xffffffee]pf[0xffffffbb]vG[0xfffffff4][0x5][0xffffffd7][0xffffffaa][0xffffffbb][0xb][0xffffffb5][0xffffff9f][0xffffffd4][0xffffff8a][0xffffff92][0xffffff8e][0xffffffdf]][0xffffffe8][0x6]w[0x17]:zw[0xffffffa1]cw[0x17][0xfffffffa][0xf][0xffffffef].d[0xffffffbb]6[0xffffffa2][0xffffffc8][0xffffffb8]V[0x1][0xffffffc9][0xffffffb8]6b[0xffffff99][0xffffffef][0xffffffda][0x1d][0xffffffce]l[0xffffffd7][0xffffffee][0xffffff88][0xfffffffe]v[0xffffffd7][0xe]1[0x2][0xffffffdf][0xffffffea]8[0xffffffa8][0xffffffc9][0xffffffb5][0xffffff81][0xffffff8f][0xffffffc0][0xf][0xffffff83][0x11][0xfffffff8][0xffffff81][0xffffff8e][0xffffffc0][0xf]l[0x4]~[0xfffffffc]p[0x4]>[0xffffffd9][0xffffffb5][0x2]E[0xffffffc4][0xffffffb5][0x12]H[0xffffffc4][0xffffffb5][0x2][0xffffffcb]t[0xffffffd7][0x6]8[0xffffff93]][0x1b][0x10]}[0xffffffc1][0xffffffb5][0xffffffea]Bc[0xffffffbd][0xffffff97]2[0xffffffe5]Z[0xfffffffc]B[0xffffffe3]0[0xffffffb8][0xffffffd0]8[0xffffffd0][0xb][0xffffff8d][0x3][0xffffffbb][0xffffffd0]8~x[0xffffffa1]1[0xffffffdb][0xffffffb5][0x11]E[0xffffffc6][0xffffffb5][\n]"
12:49:33.282 [main] DEBUG org.apache.hc.client5.http.wire - http-outgoing-1 << "H[0xffffffc6][0xffffffb5][0x11][0xffffffcb]|[0xffffffd7][0xffffffee]pf[0xffffffbb]vG[0xfffffff4][0x5][0xffffffd7][0xffffffaa][0xffffff9b][0xffffffb7]u[0x1e][0xffffffd4][0xffffffb5][0xffffffc5][0xffffff81][0xffffffdf][0xffffffbc][0x1d][0x6]7o[0x7]z[0xfffffff3]v`7o[0xffffffc7][0xf]o[0xffffffde]f[0xffffffbb]6[0xffffffa2][0xffffffc8][0xffffffb8]V[0x1][0xffffffc9][0xffffffb8]6b[0xffffff99][0xffffffef][0xffffffda][0x1d][0xffffffce]l[0xffffffd7][0xffffffee][0xffffff88][0xffffffbe][0xffffffe0]Zu[0xffffffbf][0xffffffb6].[0xffffffe0][A[0xffffff9f][0xffffffe7][0xffffff81]]kp[0xffffffbf]v[0xffffffc4][0xffffff8b][0xffffff8c][0xffffff99]8c[0xfffffff7]k[0xffffffc7]~y[0x11]u[0xffffffad][0xffffffc9][0xfffffffd]Z[0x9]$[0xffffffe3]Z[0xffffff83][0xfffffffb][0xffffffb5][0x1][0xffffffce]l[0xffffffd7]^[0xffffffbf]_{[0xffffffff][0xffffffd3]f[0xffffffe6]Zx[0x1c][0xffffffe7]q[0x2][0xffffffde][0xffffffb5][0xffffffe0]8[0xffffffce][0xffffffe3][0xffffffe9][0xffffff94]k[0x7f]0[0xffffff8e][0xffffff93][0xffffffef][0xffffffda][0x1d]E[0xffffffca][0xffffffb5][0x11]H[0xffffffca][0xffffffb5];[0xffffff96][0xffffff84]k[0x1b][0xffffffec][0xffffffda]v[0xffffffd5][0xffffffb5]j[0x19]S[[0xffffffd8]z[0xffffffe8][0xffffff81]/c[0x1a][0x6][0xffffffcb][0xffffff98][0x6][0xffffffba][0xffffff8c]i`[0xffffffcb][0xffffff98][0xffffffc6][0xf][0xffffff97]1e[0xffffffbb]6[0xffffffa2][0xffffffc8][0xffffffb8]V[0x1][0xffffffc9][0xffffffb8]6b[0xffffff99][0xffffffef][0xffffffda][0x1d][0xffffffce]l[0xffffffd7][0xffffffee][0xffffff88][0xffffffbe][0xffffffe0]Z5[0xffffffcb]p[0x16][0xffffffec]k[0x12][0x3][0xffffff9f]e[0x18][0x6][0xffffffb3][0xc]#^[0x1a][0xffffffcf][0xffffffc4][0x19][0xffffff9b]e[0x18][0xfffffffb]Eq[0xffffffd4][0xffffffb5]&[0xffffffb3][0xc][0x12]H[0xffffffc6][0xffffffb5][0x6][0xffffffb3][0xc][0x1][0xffffffce]l[0xffffffd7]^[0xffffff9f]e[0xffffff98][0xffffffea][0x1e]Bo[0xffffffd8]'[0x0]'~[0xf]a[0x1a][0xffffffdc]C[0xffffff98][0xfffffff1][0x7][0xffffffdf]D[0xffffff9c]'v[0xf]a[0xffffffee]?[0xfffffff2][0xffffff92][0xffffffae][0x15]("[0xffffffae][0xffffff95]@"[0xffffffae][0x15]X[0xffffffa6][0xffffffbb]6[0xffffffc0][0xffffff99][0xffffffec][0xffffffda][0xffffff80][0xffffffe8][0xb][0xffffffae]=[0xffffff95]kWi[0xffffff94]kO[0xffffffdc][0xffffffb5][0xffffffa7][0xffffff81]k[0xffffffcf][0x0]u&[0xffffffce]'[0xffffffe6][0xffffffda][0xffffffd3][0xffffffc9][0xffffffb5][0x11]E[0xffffffc6][0xffffffb5][\n]"
12:49:33.282 [main] DEBUG org.apache.hc.client5.http.wire - http-outgoing-1 << "H[0xffffffc6][0xffffffb5][0x11][0xffffffcb]|[0xffffffd7][0xffffffee]pf[0xffffffbb]vG[0xfffffff4][0x5][0xffffffd7][0xffffffaa][0xffffffb9][0xffffffb1]q[0xffffffff][0x17])[0xffffffd7][0xffffffe2]sc[0xffffffd3]`nl[0xffffffc6][0x1][0xffffff9d]L[0xffffff9c][0xffffffb1][0xffffffb9][0xffffffb1][0xffffffb9][0xf][0xffffffe5][0xffffffa0][0xffffffae]5[0xffffff99][0x1b][0xffffff93]@2[0xffffffae]5[0xffffff98][0x1b][0xb]pf[0xffffffbb][0xfffffff6][0xfffffffa][0xffffffdc][0xffffffd8][0xffffffba][0xfffffffd]R[0xffffff83]k[0xffffffe7][0xfffffffd][0xffffffff]@[0xffffffae]};[0xf][0xffffffeb][0xffffffda][0xffffffc7][0x9]`[0xffffffd7]~?[0x3][0xffffffe2][0xffffffda][0xffffffc7][0xffffffd3][0x11][0xffffffd7]~{[0xffffffb2][0xffffff85]k[0x5][0xffffff8a][0xffffff88]k%[0xffffff90][0xffffff88]k[0x5][0xffffff96][0xffffffe9][0xffffffae][\r]p&[0xffffffbb]6 [0xfffffffa][0xffffff92]k[0xf]7[0xffffffd9][0x1e][0xffffffbc]m[0xf][0x7][0xffffffdd][0x1e][0xffffffac]o[0xf]N[0xffffffb8][0xffffff87][0xffffff95]q[0x3][0xffffff8f][0xffffff94]r[0x5][0xffffff95][0xffffff94]s[0x3][0xffffff9b][0xffffff84]t[0xf][0xffffffda][0xffffffba][0xffffffc7]Oh[0xfffffff7][0xfffffff1][0xffffff9a][0xffffffd6]I[0xffffffbb][0x5][0xffffffbe]l[0xfffffffb]~[0x4]^[0xffffffbb][0x5][0xffffffbc]n[0xfffffffb][0xfffffffe]xJ[0xffffffbb][0xffffffc5][0xffffffe7][0xffffffc2][0xffffffad][0xffffffe2][0xffffff91][0xffffffd2][0xffffffae][0xffffffa0][0xffffff92][0xffffffd2]n`[0xffffff93][0xffffffd0]nA/[0xffffffdd]FN_[0xffffffd2][0xffffffee][0xffffffd9][0xffffffcd][0xffffffb4]{v\[0xffffffbb][0xfffffff7]#[0xfffffff0][0xffffffda][0xfffffffd]8[0x4][0xffffffa5][0xffffffdd][0xfffffffb][0xffffffe3])[0xffffffed][0xffffffbe]?[0xffffffda]E[0xffffffbb][0xffffff81]GJ[0xffffffbb][0xffffff82]JJ[0xffffffbb][0xffffff81]MB[0xffffffbb][0x1b][0xffffffa1][0xfffffff9][0xffffffda][0xffffffdd]8}I[0xffffffbb][0xffffffe3]4[0xffffffd3][0xffffffee]8q[0xffffffed][0xffffffde][0xffffff8f][0xffffffc0]k[0xfffffff7][0xffffffe3][0x10][0xffffff94]v[0xffffffef][0xffffff8f][0xffffffa7][0xffffffb4][0xfffffffb][0xfffffffe]h[0x17][0xffffffed][0x6][0x1e])[0xffffffed][\n]"
12:49:33.282 [main] DEBUG org.apache.hc.client5.http.wire - http-outgoing-1 << "*)[0xffffffed][0x6]6[0x9][0xffffffed]n[0xffffff84][0xffffffe6]kw[0xffffffe3][0xfffffff4]%[0xffffffed][0xffffffae]xi[0xffffff81][0xffffffd5][0xffffffee][0xffffff82]o-[0xffffffbc][0x1f][0xffffff81][0xffffffd7][0xffffffee][0xffffffc7]!([0xffffffed].[0xffffffe8][0xffffffe2][0xffffffc2][0xfffffff7]G[0xffffffbb]h7[0xfffffff0]HiWPIi7[0xffffffb0]Ihw[0xffffffa1][0xffffffb7][0x17]"[0xffffffa7][0xffffffaf]iw[0xffffffba]iw[0xfffffff2][0xffffffda][0xffffff9d][0xe][0xffffffda][0xffffff9d][0xffffffac]v'[0xffffffa7][0xffffffdd]i[0xffffffa5][0xffffffdd][0xffffff9d]GL[0xffffffbb][0xffffff91]JL[0xffffffbb];[0xffffff9b][0xffffff88]v'[0xffffffad][0xffffffdd]y][0xffffffbb][0xffffffc7][0xffffffad][0xffffff98]y[0xfffffff7]~"\[0xffffffbc]og[0xffffffe0][0xffffffcd][0xfffffffb][0xffffffed][0x14][0xffffff94]z[0xffffffdf][0xffffff9e]O[0xffffffb9][0xfffffff7][0xffffffe3][0xffffffd9].[0xfffffff2][0xffffff8d]PR[0xfffffff6]UhR[0xfffffffa][0xffffff8d][0xffffff80][0x12][0xfffffffe][0xffffffdd]1[0xffffffcd][0x17][0xfffffff0][0xe][0xffffffeb]k[0x6][0x1e]n/[0x1c][0xffffffee]'[0xffffffe2][\r]|?[0xffffff83][0xffffff81][0xffffff81]?N[0xffffff81][0x19]xp/[0x1d]>[0xffffff9e]mc[0xffffffe0][0x0]%f`[0xffffff81]&f[0xffffffe0][0x0](b[0xffffffe0]A[0xffffffbf]"
12:49:33.284 [main] DEBUG org.apache.hc.client5.http.wire - http-outgoing-1 << "y[0xffffffd8]a[0xfffffffd]-[0x6][0xffffffee][0xffffffef][0x7f][0xffffffac][0xffffffb6]/[0xffffffcc]Q[0xfffffff3][0xfffffffd][0xfffffffb]y[0x1e][0xffffffca][0xffffffbe]_N[0xffffff80][0xffffffb9]w;C[0xffffffb2]y[0xffffffbf]<=[0xffffffd9][0xffffffbb][0xffffffbf]~2l[0xffffffdd][0xffffffa7](&;[0xfffffff7][0x7]@&[0x1b][0xfffffff7])[0xffffff96][0xffffff89][0xffffffbe]}[0x2]g[0xffffff9a]m[0xffffff9f] [0xfffffffa][0xffffff82]k[0xffffffd5]f[0xfffffff2]U{[0xffffffa1]\[0xb]n&[0xffffffff]r[0x2][0xffffffda][0xffffffb5][0xffffffd0]f[0xfffffff2]/Og\[0xffffffeb][0xffffffb1][0xffffff99][0xfffffffc])[0xffffff8a][0xffffff8c]k[\r]6[0xffffff93]?[0xffffffc5]2[0xffffffdf][0xffffffb5][0xffffffd8]f[0xfffffff2]'[0xffffff88][0xffffffbe][0xffffffe0][0xffffffda][0xffffffa6]\[0xffffffdb][0xffffffcf][0xfffffffc][0xffffffcd][0xffffffe4][0xffffff9f][0xffffffe7][0xffffff81]][0xffffffdb][0xc]\[0xffffffdb][0x2][0xffffffd4][0xffffff99]87[0xffffffcc][0xffffffb5][0xffffffcd][0xffffffc9][0xffffffb5][0x11]E[0xffffffc6][0xffffffb5][\n]"
12:49:33.284 [main] DEBUG org.apache.hc.client5.http.wire - http-outgoing-1 << "H[0xffffffc6][0xffffffb5][0x11][0xffffffcb]|[0xffffffd7][0xffffffee]pf[0xffffffbb]vG[0xfffffff4][0x5][0xffffffd7][0xffffff9e][0xffffffca][0xffffffb5][0xffffffeb][0xffffffc0]\{[0xffffffe2][0xffffffae]=[\r]\{[0x6][0xffffffa8]3q>1[0xffffffd7][0xffffff9e]N[0xffffffae][0xffffff8d](2[0xffffffae]U@2[0xffffffae][0xffffff8d]X[0xffffffe6][0xffffffbb]v[0xffffff87]3[0xffffffdb][0xffffffb5];[0xffffffa2]/[0xffffffb8][0xffffffb6]G[0xffffffd7][0xffffff9e][0xffffffb7][[0xffffffc7]\[0xffffffdb]q[0xffffffd7]v[0x3][0xffffffd7][0xfffffff6][0x0]u&[0xffffffce][0x1d]smwrmD[0xffffff91]q[0xffffffad][0x2][0xffffff92]qm[0xffffffc4]2[0xffffffdf][0xffffffb5];[0xffffff9c][0xffffffd9][0xffffffae][0xffffffdd][0x11]}[0xffffffc1][0xffffffb5][0xffffffe2]+[0x10]w[0xffffffd7].[0xffffffec]}-[0xfffffff8][0x15][0xffffff88]/'[0xffffffa0]][0xb]}[0x5][0xffffffe2][0xffffffcb][0xffffffd3][0x19][0xffffffd7]z|[0x5][0xffffffe2])[0xffffff8a][0xffffff8c]k[\r][0xffffffbe][0x2][0xfffffff1][0x14][0xffffffcb]|[0xffffffd7]b_[0xffffff81]x[0xffffff82][0xffffffe8][0xb][0xffffffae][0xffffff9d][0xffffffca][0xffffffb5][0xffffffc7][0xffffff91][0xffffffff][0x15][0xffffff88][0xffffffcf][0xfffffff3][0xffffffc0][0xffffffae][0xffffff9d][0x6][0xffffffae][0xffffff9d][0x1][0xffffffea]L[0xffffff9c]'[0xffffffe6][0xffffffda][0xffffffe9][0xffffffe4][0xffffffda][0xffffff88]"[0xffffffe3]Z[0x5]$[0xffffffe3][0xffffffda][0xffffff88]e[0xffffffbe]kw8[0xffffffb3]][0xffffffbb]#[0xfffffffa][0xffffff82]k[0xffffffc5]f[0xfffffff2][0xffffffbb]k[0xffffff81][0xffffffaf][0xffffff9b]}[0xffffff9e][0x7]v-[0xffffffba][0xffffff99]|;[0x3][0xffffffe3]Z`3[0xfffffff9][0xffffffaf][0xffffff9f][0xffffffec][0xffffffe1]Z|3[0xfffffff9][0xf][0xffffff80]d\[0xffffff8b]n&[0x7f][0x2]g[0xffffffb6]k[0xffffffaf]l&[0x7f][0xfffffffc][0xffffffe9][0xffffffbc][0xffffffdd][0xffffff94]kK[0xffffff85]\[0xfffffffb]8[0xf][0xffffffea][0xffffffda][0xfffffff7][0x13][0xffffffb0][0xffffffae][0xfffffffd]<[0x3][0xffffffe1][0xffffffda][0xfffffff7][0xffffffa7][0x13][0xffffffae][0xfffffffd][0xfffffffe]d[0x7][0xffffffd7]*[0x14][0x9][0xffffffd7]j [0x9][0xffffffd7]*,[0xffffffb3]][0x1b][0xffffffe1][0xffffffcc]umD[0xfffffff4][0x5][0xffffffd7][0xffffff8a]Y[0xffffff86][0xfffffff3]V+[0xfffffff4][0xe][0xffffffe1]q[0x1e][0xffffffd8][0xffffffb5][0xfffffffc],[0xffffffc3][0xffffffe7][0x19][0x18][0xffffffd7]R[0xffffffb3][0xc][0xffffffdf][0xffffff9f][0xffffffec][0xffffffe1]Z[0xffffff8f]Y[0x6][\r]$[0xffffffe3]Z~[0xffffff96]![0xffffffc2][0xffffff99][0xffffffed][0xffffffda][0xffffffcb][0xffffffb3][0xc][0xfffffff3]V[0xffffff94]k[[0x1f][0xffffff94]k[0xb][0xffffffee][0xffffffda]b[0xffffffe0][0xffffffda][0x12][0xffffffa0][0xffffffce][0xffffffc4][0xffffffb9]`[0xffffffae]-N[0xffffffae][0xffffff8d](2[0xffffffae]U@2[0xffffffae][0xffffff8d]X[0xffffffe6][0xffffffbb]v[0xffffff87]3[0xffffffdb][0xffffffb5];[0xffffffa2]/[0xffffffb8][0xffffffb6][0xfffffffe][0x12][0xffffffb6][0xffffffd4][0xffffff9c][0xffffffb7]U0[0xffffffd7][0xffffffde][0xffffffcf][0x3][0xffffffbb][0xfffffff6][0xffffffed][0x4][0xffffffb4]k[0xffffffbf][0xffffff9d][0xffffff81]q[0xffffffed][0xffffffdb][0xffffffd3][0x19][0xffffffd7]~<[0xffffffd9][0xffffffc3][0xffffffb5][0x11]E[0xffffffc6][0xffffffb5][\n]"
12:49:33.284 [main] DEBUG org.apache.hc.client5.http.wire - http-outgoing-1 << "H[0xffffffc6][0xffffffb5][0x11][0xffffffcb]|[0xffffffd7][0xffffffee]pf[0xffffffbb]vG[0xfffffff4][0x5][0xffffffd7][0xffffff8a][0xffffffb9][0xffffffb1][0xfffffff3]8*[0xffffffe6]Zzn[0xffffffec][0xfffffffd][0x4][0xffffffb4]k[0xffffffc9][0xffffffb9][0xffffffb1][0xfffffff7][0xffffffa7]3[0xffffffae]5[0xffffff9a][0x1b]S(2[0xffffffae]u[0xffffff99][0x1b]SX[0xffffffe6][0xffffffbb][0xffffff96][0xffffff9d][0x1b][0xffffff8b][0xffffff88][0xffffffbe][0xffffffe0]Z17v[0x1e][0xffffffed][0xffffff9c][0xffffff94]k[0xffffffe9][0xffffffb9][0xffffffb1][0xfffffff7][0x13][0xffffffd0][0xffffffae]%[0xffffffe7][0xffffffc6][0xffffffde][0xffffff9f][0xffffffce][0xffffffb8][0xffffffd6]hnL[0xffffffa1][0xffffffc8][0xffffffb8][0xffffffd6]enLa[0xffffff99][0xffffffef]Zvn,"[0xfffffffa][0xffffff82]k[0xffffffbb]r[0xffffffed]hX[0xffffffd7]v[0xffffffdc][0xffffffb5][0xffffffdd][0xffffffc0][0xffffffb5]=@[0xffffff9d][0xffffff89]s[0xffffffc7]\[0xffffffdb][0xffffff9d]\[0x1b]Qd\[0xffffffab][0xffffff80]d\[0x1b][0xffffffb1][0xffffffcc]w[0xffffffed][0xe]g[0xffffffb6]kwD_p[0xffffffad][0xffffff9a][0x1b]+[0xffffffc7][0xffffffc0]\K[0xffffffcf][0xffffff8d][0xffffffbd][0xffffff9f][0xffffff80]v-97[0xfffffff6][0xfffffffe]t[0xffffffc6][0xffffffb5]Fsc[\n]"
12:49:33.284 [main] DEBUG org.apache.hc.client5.http.wire - http-outgoing-1 << "E[0xffffffc6][0xffffffb5].sc[\n]"
12:49:33.284 [main] DEBUG org.apache.hc.client5.http.wire - http-outgoing-1 << "[0xffffffcb]|[0xffffffd7][0xffffffb2]sc[0x11][0xffffffd1][0x17]\[0xffffffab][0xffffffe6][0xffffffc6]J[0xffffffbb]a[0xffffffef][0x10][0xffffffe8][0xffffffb9][0xffffffb1][0xfffffff7][0x13][0xffffffd0][0xffffffae]%[0xffffffe7][0xffffffc6][0xffffffde][0xffffff9f][0xffffffce][0xffffffb8][0xffffffd6]hnL[0xffffffa1][0xffffffc8][0xffffffb8][0xffffffd6]enLa[0xffffff99][0xffffffef]Zvn,"[0xfffffffa][0xffffff92]k[0xffffffe3]=[0x4][0xffffffd6][0xffffffb5][0xfffffff4]=[0xffffff84]ip[0xf]a[0xffffff86][0x1f]|sq[0xffffffa6][0xffffffee]!L[0xffffffa7]{[0x8][0x11]E[0xffffffca][0xffffffb5].[0xfffffff7][0x10]"[0xffffff96][0xffffff84]k[0xffffffd9]{[0x8];[0xffffffa2]/[0xffffffb8]V[0xffffffcd][0xffffffe8][0xffffff96]1[0xffffffb0]Y[0x6]zF[0xfffffff7][0xfffffffd][0x4][0xffffffb4]k[0xffffffc9][0x19][0xffffffdd][0xfffffff7][0xffffffa7]3[0xffffffae]5[0xffffff9a][0xffffffd1]U(2[0xffffffae]u[0xffffff99][0xffffffd1]UX[0xffffffe6][0xffffffbb][0xffffff96][0xffffff9d][0xffffffd1][0xffffff8d][0xffffff88][0xffffffbe][0xffffffe4]Z[0xffffffd1][0xffffffb5][0xffffffa8]k[0xffffffe9][0xffffffae]][0x6]][0xffffffbb]B@[0xffffffe4][0xffffffe2]Lu[0xffffffed]r[0xffffffea][0xffffffda][0xffffff88]"[0xffffffe5]Z[0xffffff97][0xffffffae][0xffffff8d]X[0x12][0xffffffae]e[0xffffffbb]vG[0xfffffff4][0xffffffb7][0xffffffbb][0xfffffff6]P[0xfffffffb][0x10][0xffffffca]:[0xe][0xffffffc8][0xffffffb5][0x7][0xffffffbe][0xf][0xffffffe1]0[0xffffffd8][0xffffff87]p[0xffffffc4][0xffffffc1][0xfffffff3]D[0xffffff9c][0xf]l[0x1f][0xffffffc2][0xffffffb1][0xf][0xffffff9b][0xffffff93][0xffffffae][0x15]("[0xffffffae][0xffffff95]@"[0xffffffae][0x15]X[0xffffffa6][0xffffffbb]6[0xffffffc0][0xffffff99][0xffffffec][0xffffffda][0xffffff80][0xffffffe8][0xb][0xffffffae]U3[0xffffffba]e[0xffffffcd]B[0xffffffb9][0x16][0xffffff9f][0xffffffd1]=[0xc]ft[0xffffff8f]8[0xc][0xffffff99][0xffffff89]36[0xffffffa3]{[0xffffffec][0x3][0xffffff90][0xffffffa8]kMft%[0xffffff90][0xffffff8c]k[\r]ft[0x3][0xffffff9c][0xffffffd9][0xffffffae][0xffffffbd]>[0xffffffa3]{[0xffffffa8]Y[0xffffff86]z[0xffffffde]N[0xffffffca][0xffffffb5][0xfffffff8],[0xffffffc3]a0[0xffffffcb]p[0xffffffc4]K[0xffffffe3][0xffffff99]8c[0xffffffb3][0xc][0xffffffc7]~Q[0x1c]u[0xffffffad][0xffffffc9],[0xffffff83][0x4][0xffffff92]q[0xffffffad][0xffffffc1],C[0xffffff80]3[0xffffffdb][0xffffffb5][0xffffffd7]g[0x19][0xffffffde][0xfffffffe][0xffffffaf][0xffffffe8][0xffffffda]1[0xffffffb1]w[0x8][0x1d]wm7pm[0xf]Pg[0xffffffe2][0xffffffdc]1[0xffffffd7]v'[0xffffffd7]F[0x14][0x19][0xffffffd7]* [0x19][0xffffffd7]F,[0xfffffff3]][0xffffffbb][0xffffffc3][0xffffff99][0xffffffed][0xffffffda][0x1d][0xffffffd1][0x17]\[0xffffffab]f[0x19][0xffffffda][0xffffffd1][0xffffffb0]w[0x8][0xfffffff8],[0xffffffc3]a0[0xffffffcb]p[0xffffffc4]K[0xffffffe3][0xffffff99]8c[0xffffffb3][0xc][0xffffffc7]~Q[0x1c]u[0xffffffad][0xffffffc9],[0xffffff83][0x4][0xffffff92]q[0xffffffad][0xffffffc1],C[0xffffff80]3[0xffffffdb][0xffffffb5][0xffffffd7]g[0x19][0xe]5[0xffffffcb][0xffffffd0]j[0xffffffc3][0xffffffba][0x16][0xffffff9f]e8[0xc]f[0x19][0xffffff8e]xi<[0x13]gl[0xffffff96][0xffffffe1][0xffffffd8]/[0xffffff8a][0xffffffa3][0xffffffae]5[0xffffff99]e[0xffffff90]@2[0xffffffae]5[0xffffff98]e[0x8]pf[0xffffffbb][0xfffffff6][0xfffffffa],CQ[0xffffffef]k[0xffffffcf][0xffffffd5][0xffffffa0][0xffffffef][0xffffffe8]>[0xffffffce][0xffffffc3][0xffffffba][0xffffffb6][0x18][0xffffffbc][0xffffffaf]-[0xfffffff1][0xffffffc5]X"[0xffffffce][0x5]{_[[0xfffffff6][0xffffff97]a[0xffffffa4]k[0x5][0xffffff8a][0xffffff88]k%[0xffffff90][0xffffff88]k[0x5][0xffffff96][0xffffffe9][0xffffffae][\r]p&[0xffffffbb]6 [0xfffffffa][0xffffff82]k[0xffffffd5];[0xffffff84]~[0xffffffa3][0xffffffbe][0xffffffed][0xfffffff8]8[0xf][0xffffffec]Z[0xffffff83]w[0x8]%[0xfffffffe][0xffffff87][0xffffffb5]L[0xffffff9c][0xffffffb1]w[0x8]e[0xffffffff][0xf]h[0xffffffa8]kM[0xffffffde]!H [0x19][0xffffffd7][0x1a][0xffffffbc]C[0x8]pf[0xffffffbb][0xfffffff6][0xfffffffa];[0xffffff84][0xffffffa2][0xffffffde]![0xfffffff4][0x3][0xfffffffb][0xffffffde]X[0xffffffc1][0xffffffdf]![0x14][0xffffff83]w[0x8]%[0xfffffffe][0xffffff87][0xffffffb5]L[0xffffff9c][0xffffffb1]w[0x8]e[0xffffffff][0xf]h[0xffffffa8]kM[0xffffffde]!H [0x19][0xffffffd7][0x1a][0xffffffbc]C[0x8]pf[0xffffffbb][0xfffffff6]'[0xffffffde]![0xffffffa8][0x19][0xffffffdd][0xffffffde]F[0xffffffa3]\[0xffffff8b][0xffffffcf][0xffffffe8][0x16][0xffffff83][0x19][0xffffffdd][0x12][0xffffff87]!3q[0xffffffc6]ft"
12:49:33.285 [main] DEBUG org.apache.hc.client5.http.wire - http-outgoing-1 << "[0xffffffcb]>[0x0][0xffffff89][0xffffffba][0xffffffd6]dFW[0x2][0xffffffc9][0xffffffb8][0xffffffd6]`F7[0xffffffc0][0xffffff99][0xffffffed][0xffffffda][0xffffffeb]3[0xffffffba]U[0xffffffcd]2[0xffffff8c]vR[0xffffffae][0xffffffad][0xfffffff8],C5[0xffffff98]e[0xffffffa8][0xfffffff1][0xffffffd2]x"[0xffffffce][0x15][0xffffff9b]e[0xffffffa8][0xfffffffb]Eq[0xffffffd2][0xffffffb5][0x2]E[0xffffffc4][0xffffffb5][0x12]H[0xffffffc4][0xffffffb5][0x2][0xffffffcb]t[0xffffffd7][0x6]8[0xffffff93]][0x1b][0x10]}[0xffffffc1][0xffffffb5][0xffffffea][0xffffffb7][0xffffffb1][0xffffffd9][0x6][0xfffffff5][0xe][0xffffffa1][0xffffffe2][0xffffffbf][0xffffff8d]U[0xffffff83][0xffffffdf][0xffffffc6]j[0xfffffffc][0x11]"[0x13]g[0xffffffec][0xffffffb7][0xffffffb1][0xffffffba][0xffffffff][0xfffffff0][0xffffff80][0xffffffba][0xffffffd6][0xffffffe4][0xffffffb7]1[0x9]$[0xffffffe3]Z[0xffffff83][0xffffffdf][0xffffffc6][0x2][0xffffff9c][0xffffffd9][0xffffffae][0xffffffbd][0xfffffffe][0xffffffdb]XU[0xffffffef][0x10]V[0xffffffad][0xffffffd4]N[0xffffffc5][0xffffff8a][0xffffffbf]C[0xffffffa8][0x6][0xffffffef][0x10]j[0xfffffffc][0xf]k[0xffffff99]8c[0xffffffef][0x10][0xffffffea][0xfffffffe][0x1f][0xffffffd0]P[0xffffffd7][0xffffff9a][0xffffffbc]C[0xffffff90]@2[0xffffffae]5x[0xffffff87][0x10][0xffffffe0][0xffffffcc]v[0xffffffed][0xfffffff5]w[0x8]M[0xffffffed][0xffffff9e]Y[0x15][0xffffff9b][0x1b]k[0xfffffff8][0xffffffee][0xffffff99]f[0xffffffb0]{[0xffffffa6][0xffffffc5]%[0x1f][0xffffff89]87l[0xfffffff7]L[0xffffffdb][0x17]{[0xffffff90][0xffffffae][0x15]("[0xffffffae][0xffffff95]@"[0xffffffae][0x15]X[0xffffffa6][0xffffffbb]6[0xffffffc0][0xffffff99][0xffffffec][0xffffffda][0xffffff80][0xffffffe8][0xb][0xffffffae]=[0xffffff94]k[0xffffffdb]A}[0x3][0xffffffe7][0xffffffed]<[0xffffffb0]k[0xf][0x3][0xffffffd7][0x1e][0x1][0xffffffea]L[0xffffff9c][0xf][0xffffffcc][0xffffffb5][0xffffff87][0xffffff93]k#[0xffffff8a][0xffffff8c]k[0x15][0xffffff90][0xffffff8c]k#[0xffffff96][0xfffffff9][0xffffffae][0xffffffdd][0xffffffe1][0xffffffcc]v[0xffffffed][0xffffff8e][0xffffffe8][0xb][0xffffffae]U[0xffffffbf][0xffffff8d][0xffffffad][0xffffffb3]R[0xfffffff7]k[0x1b][0xfffffffe][0xffffffdb]X3[0xfffffff8]m[0xffffffac][0xffffffc5][0x1f]!2q[0xffffffc6]~[0x1b]k[0xfffffffb][0xf][0xf][0xffffffa8]kM~[0x1b][0xffffff93]@2[0xffffffae]5[0xfffffff8]m,[0xffffffc0][0xffffff99][0xffffffed][0xffffffda][0xffffffeb][0xffffffbf][0xffffff8d][0xffffffb5][0xffffffaa]\;[0xffffffb0]}[0x8]o[0xffffffe7][0xffffff81]][[\r]\[[0x3][0xffffffd4][0xffffff99]8W[0xffffffcc][0xffffffb5][0xffffffd5][0xffffffc9][0xffffffb5][0x11]E[0xffffffc6][0xffffffb5][\n]"
12:49:33.285 [main] DEBUG org.apache.hc.client5.http.wire - http-outgoing-1 << "H[0xffffffc6][0xffffffb5][0x11][0xffffffcb]|[0xffffffd7][0xffffffee]pf[0xffffffbb]vG[0xfffffff4][0x5][0xffffffd7]6[0xffffffe5][0xffffffda][0xffffffd5][0xffffffb0][0xffffffae]m[0xffffffb8]k[0xffffff9b][0xffffff81]k[[0xffffff80]:[0x13][0xffffffe7][0xffffff86][0xffffffb9][0xffffffb6]9[0xffffffb9]6[0xffffffa2][0xffffffc8][0xffffffb8]V[0x1][0xffffffc9][0xffffffb8]6b[0xffffff99][0xffffffef][0xffffffda][0x1d][0xffffffce]l[0xffffffd7][0xffffffee][0xffffff88][0xffffffbe][0xffffffe0]Zq[0xffffffe7][0xffffffab][0xffffffdf]j[0xffffffc1]~[0x1b][0xffffffc3][0xffffffef]|5[0xffffff83];_-^[0xffffffae][0xffffffc9][0xffffffc4][0x19][0xffffffbb][0xfffffff3][0xffffffd5][0xfffffff6][0xb]5[0xffffffa8]kM[0xffffffee]|I [0x19][0xffffffd7][0x1a][0xffffffdc][0xfffffff9][\n]"
12:49:33.285 [main] DEBUG org.apache.hc.client5.http.wire - http-outgoing-1 << "pf[0xffffffbb][0xfffffff6][0xfffffffa][0xffffff9d][0xffffffaf][0xfffffffb][0xffffff9f][0x16]3[0xffffffd7][0xffffffc2][0xffffffdf][0x1b]{[0xffffff9c][0xffffff80]w-[0xfffffff8][0xffffffbd][0xffffffb1][0xffffffc7][0xffffffd3])[0xffffffd7][0xfffffffa]|oL[0xffffffa0]H[0xffffffb9][0xffffffd6][0xffffffe4]{c[0x2]K[0xffffffc2][0xffffffb5][0xffffffe8][0xfffffff7][0xffffffc6][0x2][0xffffffa2]/[0xffffffb9][0xffffffb6][0xffffff9a][0xffffffb9][0xffffffb6][0xffffffe2][0xffffffae][0xffffffad][0x6][0xffffffae][0xffffffad][0xffffffa8]k+[0xffffffe6][0xffffffda][0xffffffea][0xffffffe4][0xffffffda][0x1d]E[0xffffffca][0xffffffb5][0x11]H[0xffffffca][0xffffffb5];[0xffffff96][0xffffff84]k+[0xffffffec][0xffffffda]z[0xffffffdd][0xffffffb5][0xffffffcd][0xffffffcc][0xffffffb5][\r]wm3pmC][0xffffffdb]0[0xffffffd7]6'[0xffffffd7][0xffffffee](R[0xffffffae][0xffffff8d]@R[0xffffffae][0xffffffdd][0xffffffb1]$\[0xffffffdb]`[0xffffffd7][0xffffffb6][0xffffffeb][0xffffffae]=[0xffffffdc]d{[0xfffffff0][0xffffffb6]=[0x1c]t{[0xffffffb0][0xffffffbe]=8[0xffffffe1][0x1e]V[0xffffffc6][\r]<R[0xffffffca][0x15]TR[0xffffffce][\r]l[0x12][0xffffffd2]=h[0xffffffeb][0x1e]?[0xffffffa1][0xffffffdd][0xffffffea][0xfffffff6][0xffffffee][0xffffffb6][0xfffffff2]/o[0xffffffab][0xffffffc3][0xffffffdb][0xffffffdb][0xffffffca][0xffffffbe][0xffffffbe][0xffffffad][0xffffffdc][0xfffffffb][0xffffffdb]j[0xfffffff5][0x2]7[0xfffffff0]HiWPIi7[0xffffffb0]Ih[0xffffffb7][0xffffffd2]/q[0xffffffeb]O[0xffffffbc][0xffffffc5]mn[0xffffffda]m[0xffffffbc]v[0xffffff9b][0xffffff83]v[0x1b][0xffffffab][0xffffffdd][0xffffffc6]i[0xffffffb7]Yi7[0xfffffff0]HiWPIi7[0xffffffb0]Ih[0xffffffb7][0xffffffd1][0xffffffda]m?[0xffffffa3][0xffffffdd][0xffffffe5][0xffffffa6][0xffffffdd][0xffffffc5]kw9hw[0xffffffb1][0xffffffda]][0xffffff9c]v[0xffffff97][0xffffff95]vw[0x1e]1[0xffffffed]F*1[0xffffffed][0xffffffee]l"[0xffffffda]][0xffffffb4]v[0xffffffd7]u[0xffffffed]v[0xffffffb7][0xffffffda][0xffffffed]|[0xffffffed]v[0xffffff87][0xffffffda][0xffffffed]l[0xffffffed]v[0xffffffae]v[0xffffffbb]U[0xffffffed][0x6][0x1e])[0xffffffed][\n]"
12:49:33.285 [main] DEBUG org.apache.hc.client5.http.wire - http-outgoing-1 << "*)[0xffffffed][0x6]6[0x9][0xffffffed]v[0xffffffba]v[0xfffffffb]O[0xffffffd4][0xffffffee]t[0xffffffd3][0xffffffee][0xffffffe4][0xffffffb5];[0x1d][0xffffffb4];Y[0xffffffed]NN[0xffffffbb][0xffffffd3]J[0xffffffbb][0xffffff81]GJ[0xffffffbb][0xffffff82]JJ[0xffffffbb][0xffffff81]MB[0xffffffbb][0xffffff93][0xffffffd6][0xffffffee][0xfffffffc][0x9][0xffffffed][0xffffffae]n[0xffffffa6][0xffffffdd][0xffffffd5]q[0xffffffed][0xffffffde][0xffffff8f][0xffffffc0]k[0xfffffff7][0xffffffe3][0x10][0xffffff94]v[0xffffffef][0xffffff8f][0xffffffa7][0xffffffb4][0xfffffffb][0xfffffffe]h[0x17][0xffffffed][0x6][0x1e])[0xffffffed][\n]"
12:49:33.285 [main] DEBUG org.apache.hc.client5.http.wire - http-outgoing-1 << "*)[0xffffffed][0x6]6[0x9][0xffffffed]n[0xffffff84][0xffffffe6]kw[0xffffffe3][0xfffffff4][0xffffffb7]hw[0xffffffbc][0xffffffff]mW[0x3][0xffffffbf][0xffffffab][0xffffffb4]t[0xffffffeb]~[0xffffff9e][0xffffff87][0xffffff92][0xffffffee][0xffffff97][0x13]`[0xffffffce][0xffffffdd][0xffffffce][0xffffff90][0xffffffac][0xffffffdc]/OO6[0xffffffee][0xffffffaf][0xffffff9f][0xc][0xb][0xfffffff7])[0xffffff8a][0xffffffc9][0xffffffbe][0xfffffffd][0x1][0xffffff90][0xffffffc9][0xffffffba]}[0xffffff8a]e[0xffffffa2]m[0xffffff9f][0xffffffc0][0xffffff99]&[0xffffffdb]'[0xffffff88][0xffffffbe][0xffffffe0]Z[0xfffffff1][0x1][0xfffffff4]~[0x1c][0xffffffc0][0xffffff82][0xffffffc6][0xffffffcf][0xfffffff3][0xffffffc0][0xffffffae]E?[0xffffff80][0xffffffbe][0xffffff9d][0xffffff81]q-[0xfffffff0][0x1][0xfffffff4]_?[0xffffffd9][0xffffffc3][0xffffffb5][0xfffffff8][0x7][0xffffffd0][0x7f][0x0]$[0xffffffe3]Z[0xfffffff4][0x3][0xffffffe8]O[0xffffffe0][0xffffffcc]v[0xffffffed][0xffffff8e][0xffffffe8][0xb][0xffffffae][0xffffff9d]b[0xffffffb9][0xffffffc2][0xffffffd1]J[0xfffffffe][0x7]u>[0xffffffcf][0x3][0xffffffbb]v[0xffffff92][0xffffffcb][0x15][0xffffffb6]30[0xffffffae][0xffffff9d][0xfffffff9][0xffffffcb][0x15]~[0xfffffffd]d[0xf][0xffffffd7]F[0x14][0x19][0xffffffd7]* [0x19][0xffffffd7]F,[0xfffffff3]][0xffffffbb][0xffffffc3][0xffffff99][0xffffffed][0xffffffda][0x1d][0xffffffd1][0x17]\[0xffffffbb][0xffffff94]k[0xfffffffb][0xffffffc8][0xffffffff][0xffffffc8][0xffffffc3][0xffffffe7]y`[0xffffffd7].[0x3][0xffffffd7][0xffffffae][0x0]u&[0xffffffce][0xb]s[0xffffffed]rrmD[0xffffff91]q[0xffffffad][0x2][0xffffff92]qm[0xffffffc4]2[0xffffffdf][0xffffffb5];[0xffffff9c][0xffffffd9][0xffffffae][0xffffffdd][0x11][0xfffffffd][0xffffffed][0xffffffae]=[0xffffffc5][0x7]uz[0xffffffb9][0xffffffad][0xfffffffc]_[0xffffffc9]>[0xffffffcf][0xffffffc3][0xffffffba][0xfffffff6]D?[0xffffffa8][0xffffffb3][0xffffff9d][0x1]q[0xffffffed][0x9]|P[0xffffffe7][0xffffffd7]O[0xffffffb6]p[0xffffffad]@[0x11]q[0xffffffad][0x4][0x12]q[0xffffffad][0xffffffc0]2[0xffffffdd][0xffffffb5][0x1][0xffffffce]d[0xffffffd7][0x6]D_p[0xffffffad][0xfffffff8][0xffffffc8]C/G[0xffffffa7][0xffffffde][0xffffffd7][0xffffff9e][0xffffffe0]G[0x1e][0xffffffbe][0xffffff9c][0xffffff80]v-[0xfffffff4][0xffffff91][0xffffff87]/Og\[0xffffffeb][0xfffffff1][0xffffff91][0xffffff87][0xffffffa7](2[0xffffffae]5[0xfffffff8][0xffffffc8][0xffffffc3]S,[0xfffffff3]][0xffffff8b]}[0xffffffe4][0xffffffe1][0x9][0xffffffa2]/[0xffffffb8]V|[0xffffffe4][0xffffffa1][0xffffff97]r[0xffffffab][0xffffff94]k[0xffffffc1][0xffffff8f]<|9[0x1][0xffffffed]Z[0xffffffe8]#[0xf]_[0xffffff9e][0xffffffce][0xffffffb8][0xffffffd6][0xffffffe3]#[0xf]OQd\k[0xfffffff0][0xffffff91][0xffffff87][0xffffffa7]X[0xffffffe6][0xffffffbb][0x16][0xfffffffb][0xffffffc8][0xffffffc3][0x13]D_p[0xffffffad][0xfffffffa][0xffffffc8]C[0xffffffa9]7[0xffffffac]k[0xffffffc1][0xffffff8f]<|9[0x1][0xffffffed]Z[0xffffffe8]#[0xf]_[0xffffff9e][0xffffffce][0xffffffb8][0xffffffd6][0xffffffe3]#[0xf]OQd\k[0xfffffff0][0xffffff91][0xffffff87][0xffffffa7]X[0xffffffe6][0xffffffbb][0x16][0xfffffffb][0xffffffc8][0xffffffc3][0x13]D_p[0xffffffed]P[0xffffffae][0xffffff9d][0xfffffffd][0xffffffa4]\;p[0xffffffd7][0xe][0x3][0xffffffd7][0xffffff8e][0x0]u&[0xffffffce][0x3]s[0xffffffed]prmD[0xffffff91]q[0xffffffad][0x2][0xffffff92]qm[0xffffffc4]2[0xffffffdf][0xffffffb5];[0xffffff9c][0xffffffd9][0xffffffae][0xffffffdd][0x11]}[0xffffffc9][0xffffffb5][0xfffffff1][0x1e][0x2][0xffffffeb]Z[0xfffffff8][0x1e][0xffffffc2][0xffffffe3][0x4][0xffffffbc]k[0xffffffc1]{[0x8][0xffffff8f][0xffffffa7]S[0xffffffae][0xfffffff5][0xffffffb9][0xffffff87] P[0xffffffa4]\kr[0xf]A`I[0xffffffb8][0x16][0xffffffbd][0xffffff87][0x10][0x10]}[0xffffffc1][0xffffffb5]Stm-[0x3]{_;[0xfffffff1][0xffffffae][0xffffff9d][0x6]];C@d[0xffffffe2]<[0xffffffb1][0xffffffae][0xffffff9d]N][0x1b]Qd\[0xffffffab][0xffffff80]d\[0x1b][0xffffffb1][0xffffffcc]w[0xffffffed][0xe]g[0xffffffb6]kwD_p[0xffffffed]R[0xffffffae]m[0xffffffa3]P[0xffffffae]][0xffffffb8]k[0xffffff97][0xffffff81]kW[0xffffff80]"
[...]
ffffff2]dSB[0xffffffba][0xffffff94]M[0x9][0xffffffa1]V.%[0xffffff82]i[0xffffffa9][0xffffff94][0x8][0xffffffe2][0xffffffbd][0xffffff90][0x12]j[0xffffffdb][0xffffffe5]\[0xffffffa5]P)[0xffffff81]o[0xffffffbb]\[0x6][0xffffffdb].[0xffffff97]X[0xffffffc9][0xffffff96][0x8]8[0xffffffb6][0xffffffed]r[0xffffff85][0xffffffa5]kdJ[0xffffff98]l[0xffffffbb][0xffffff94]@2)a[0xffffffb0][0xffffffed]2[0xffffffc0][0xffffff99][0xffffff9d][0x12][0xffffffc6][0xffffffdb].[0xffffff95]<[0xffffffd9][0xffffff94][0xfffffff0][0xffffffdb]v[0xffffffa9][0xffffffd4][0xffffffca][0xffffffa5][0xffffff84][0xffffffcb][0xffffffb6][0xffffffcb]([0xffffffde][0xb])[0xffffffa1][0xffffffb6]][0xffffffce]u[0x1e]TJ[0xffffffe0][0xffffffdb].[0xffffff97][0xffffffc1][0xffffffb6][0xffffffcb]%V[0xffffffb2]%[0x2][0xffffff8e]m[0xffffffbb]\a[0xffffffe9][0x1a][0xffffff99][0x12]&[0xffffffdb].%[0xffffff90]LJ[0x18]l[0xffffffbb][0xc]pf[0xffffffa7][0xffffff84][0xfffffff1][0xffffffb6]K%O6%[0xfffffffc][0xffffffb6]]*[0xffffffb5]r)[0xffffffe1][0xffffffb2][0xffffffed]2[0xffffff8a][0xfffffff7]BJ[0xffffffa8]m[0xffffff97][0xffffffeb]v[0x1b]TJ[0xffffffe0][0xffffffdb].[0xffffff97][0xffffffc1][0xffffffb6][0xffffffcb]%V[0xffffffb2]%[0x2][0xffffff8e]m[0xffffffbb]\a[0xffffffe9][0x1a][0xffffff99][0x12]&[0xffffffdb].%[0xffffff90]LJ[0x18]l[0xffffffbb][0xc]pf[0xffffffa7][0xffffff84][0xfffffff1][0xffffffb6]K%O6%[0xfffffffc][0xffffffb6]]*[0xffffffb5]r)[0xffffffe1][0xffffffb2][0xffffffed]2[0xffffff8a][0xfffffff7]BJ[0xffffffa8]m[0xffffff97][0xffffffeb]8[0xffffffa9]op,|[0xffffffdb][0xffffffe5]2[0xffffffd8]v[0xffffffb9][0xffffffc4]J[0xffffffb6]D[0xffffffc0][0xffffffb1]m[0xffffff97]+,]#S[0xffffffc2]d[0xffffffdb][0xffffffa5][0x4][0xffffff92]I[0x9][0xffffff83]m[0xffffff97][0x1][0xffffffce][0xffffffec][0xffffff94]0[0xffffffde]v[0xffffffa9][0xffffffe4][0xffffffc9][0xffffffa6][0xffffff84][0xffffffdf][0xffffffb6]K[0xffffffa5]V.%\[0xffffffb6]]F[0xfffffff1]^J[0xffffff89]b[0xffffff96][0x12][0x5]O[0xffffff89]b[0xffffff90][0x12][0x5]M[0xffffff89][0xffffff82][0xffffffa5]DqJ[0xffffff89][0x1d]E*%"[0xffffff90]TJ[0xffffffec]X[0x12])Q[0xffffffe0][0xffffff94]([0xffffffc6])[0x11][0xffffffe4]I[0xffffffa7][0xffffff84]p)[0xffffff9d][0x12]A[0xffffffad]dJ[0x14][0xffffff97][0xffffff94](?[0xffffff9d][0x12]jq[0xfffffff6][0xffffffea][0x15][0xffffffdb]+[0xffffff81]/[0xffffffce]^[0x6][0xffffff8b][0xffffffb3][0xffffff97][0xffffffd8][0xffffffee][0xffffff9a][0x8]8[0xffffffb6]8{[0xffffff85][0xfffffffd][0xffffffad]dJ[0xffffff98],[0xffffffce][0xffffff96]@2)a[0xffffffb0]8;[0xffffffc0][0xffffff99][0xffffff9d][0x12][0xffffffc6][0xffffff8b][0xffffffb3][0xffffff95]<[0xffffffd9][0xffffff94][0xfffffff0][[0xffffff9c][0xffffffad][0xffffffd4][0xffffffca][0xffffffa5][0xffffff84][0xffffffcb][0xffffffe2][0xffffffec]([0xffffffde][0xb])[0xffffffa1][0x16]g[0xffffffaf]y`w%[0xfffffff0][0xffffffc5][0xffffffd9][0xffffffcb]`q[0xfffffff6][0x12][0xffffffdb]][0x13][0x1][0xffffffc7][0x16]g[0xffffffaf][0xffffffb0][0xffffffbf][0xffffff95]L[0x9][0xffffff93][0xffffffc5][0xffffffd9][0x12]H&%[0xc][0x16]g[0x7]8[0xffffffb3]S[0xffffffc2]xq[0xffffffb6][0xffffff92]'[0xffffff9b][0x12]~[0xffffff8b][0xffffffb3][0xffffff95]Z[0xffffffb9][0xffffff94]pY[0xffffff9c][0x1d][0xffffffc5][0xfffffffb]rJ[0xffffffd4][0xffffffdb]-[0xfffffffe][0xffffffc0][0xffffffd1]o7j[0xffffffdb][0xffffffe5][0xffffffe3]<hJ[0xffffffbc][0xffffff9f][0xffffff80]M[0xffffff89][0xffffffcf]3[0x10])[0xfffffff1][0xfffffffe]t"%[0xffffffbe]?[0xffffffd9]!%[0x14][0xffffff8a]DJh [0xffffff89][0xffffff94]PXf[0xffffffa7]D[0xffffff84]37%"[0xffffffa2]>)![0xffffffe5]I[0xffffffa6][0xffffffc4][0x13][0xffffff97][0xffffff92])![0xffffffd5]J[0xffffffa5][0xffffff84]0-[0xffffff93][0x12]B[0xffffffbc][0xffffff97]R[0xffffffa2][0xffffff9a][0xffffffa5]D[0xffffffc5]S[0xffffffa2][0x1a][0xffffffa4]DES[0xffffffa2]b)Q[0xffffff9d]RbG[0xffffff91]J[0xffffff89][0x8]$[0xffffff95][0x12];[0xffffff96]DJT8%[0xffffffaa]qJ[0x4]y[0xffffffd2])!\J[0xffffffa7]DP+[0xffffff99][0x12][0xffffffd5]%%[0xffffffea]O[0xffffffa7][0xffffff84][0xfffffff8][0x6]G[0xffffffbf]5[0xffffffea]s^[0xffffff8f][0xfffffff3][0xffffffc0])[0xffffffc1][0x7f][0xffffff83][0xffffffe3][0xfffffff3][0xc]LJP[0xffffffdf][0xffffffe0][0xfffffff8][0xfffffffe]d[0xffffff8f][0xffffff94][0xfffffff0][0xfffffff8][0x6][0xffffff87][0x6][0xffffff92]I[0x9][0xfffffffe][0x1b][0x1c][0x11][0xffffffce][0xffffffec][0xffffff94][0xfffffff0][0xfffffffd][0x6][0xffffff87][0xffffff94]'[0xffffff9b][0x12]v[0xffffffdf][0xffffffe0][0xffffff90]j[0xffffffe5]R[0xffffffc2][0xffffffe4][0x1b][0x1c]B[0xffffffbc][0xffffff97]RB[0xfffffffc][0xffffffc0][0xffffff81][0xffffffa6][0x4][0xfffffffd][0x3][0xffffffc7]a[0xfffffff0][0x3][0xffffffc7][0x11][0xffffffdf][0xffffffc2][0xffffffa5][0x2]N[0xfffffffd][0xffffffc0]q8[0xfffffffd][0xffffffc0][0x11]Q[0xffffffa4]R[0xffffffc2][0xffffffe5][0x7][0xffffff8e][0xffffff88]%[0xffffff91][0x12][0xffffffec][0xf][0x1c];[0xffffffa2]^)a[0xfffffff6][0x3][0xffffff87]t)[0xffffff9d][0x12]F?p[0x4][0xffffffd3]r)[0xfffffff1][0xfffffff3]?p[0xffffff88][0x15]U[0xfffffffd]X[0xb][0xfffffffa][0x6][0xffffffc7][0xffffffe3]<pJ[0xfffffff0]+[0xffffffaa]>[0xffffffcf][0xffffffc0][0xffffffa4][0x4][0xffffffb5][0xffffffa2][0xffffffea][0xfffffffb][0xffffff93]=R[0xffffffc2]cE[0xffffff95][0x6][0xffffff92]I[0x9]~EU[0xffffff84]3;%|WTIy[0xffffffb2])a[0xffffffb7][0xffffffa2]J[0xffffffaa][0xffffff95]K[0x9][0xffffff93][0x15]UB[0xffffffbc][0xffffff97]R"[0xffffffbe][0xffffff95]`S[0xffffff82]~+[0xffffffd1][\r][0xffffffde]J[0xfffffff4][0xffffff98][0xffffffce][0xffffffa9][0xffffff80]So%[0xffffffba][0xffffffd3][[0xffffff89][0xffffff88]"[0xffffff95][0x12].o%"[0xffffff96]DJ[0xffffffb0]o%vD[0xffffffbd]R[0xffffffc2][0xffffffec][0xffffffad][0xffffff84]t)[0xffffff9d][0x12]Fo%[0xffffff82]i[0xffffffb9][0xffffff94][0xfffffff8][0xfffffff9][0xffffffb7][0x12]b[0xffffffdb]e/[0xffffffb7][0xffffffd9][0xffffffa8][0xffffff94][0xffffffa0][0xffffffb7]][0xffffffbe][0xffffff9f][0xffffff80]N[0x9]r[0xffffffdb][0xffffffe5][0xfffffffb][0xffffffd3][0xffffff99][0xffffff94]0[0xffffffda]v[0xffffffa9]PdR[0xffffffc2]e[0xffffffdb][0xffffffa5][0xffffffc2]2?%[0xffffffd8]m[0xffffff97][0x11]Q[0xffffffa7][0xffffff94]0[0xffffffdb]v[0xfffffff9][0xffffffc4][0xffffffa5]lJ[0x18]m[0xffffffbb][0x14][0xffffffa6][0xffffffa5]R[0xffffffe2][0xffffffe7][0xffffffb7]][0xffffffd6][0xffffff9b]XQ[0xffffffd5][0xffffffcb][0xfffffffd][0xffffffff]P)A[0xffffffaf][0xffffffa8]z?[0x1][0xffffff9d][0x12][0xffffffe4][0xffffff8a][0xffffffaa][0xfffffff7][0xffffffa7]3)a[0xffffffb4][0xffffffa2]J[0xffffffa1][0xffffffc8][0xffffffa4][0xffffff84][0xffffffcb][0xffffff8a]*[0xffffff85]e~J[0xffffffb0]+[0xffffffaa]"[0xffffffa2]N)a[0xffffffb6][0xffffffa2][0xffffffea][0xffffff89]K[0xffffffd9][0xffffff94]0ZQ%LK[0xffffffa5][0xffffffc4][0xffffffcf][0xffffffaf][0xffffffa8][0xffffffaa]7[0xffffffb1][0xffffffa2][0xffffffea][0xffffff9e][0x12][0x1d][0xfffffffa]2[0xffffffe8][0xffffffe3]<pJ[0xfffffff0]+[0xffffffaa]>[0xffffffcf][0xffffffc0][0xffffffa4][0x4][0xffffffb5][0xffffffa2][0xffffffea][0xfffffffb][0xffffff93]=R[0xffffffc2]cE[0xffffff95][0x6][0xffffff92]I[0x9]~EU[0xffffff84]3;%|WTIy[0xffffffb2])a[0xffffffb7][0xffffffa2]J[0xffffffaa][0xffffff95]K[0x9][0xffffff93][0x15]UB[0xffffffbc][0xffffffaf][0xffffffa7][0xffffffc4]q[0xffffff93])[0xffffffb1][0x16][0xffffff94][0x12]o[0xffffffe7]aS[0xffffffe2]q[0x2]8%[0xffffffbe][0xffffff9f][0x1]I[0xffffff89][0xffffffc7][0xffffffd3][0xffffff91][0xffffff94][0xfffffff8][0xfffffff6]d[0xffffff8b][0xffffff94][0x10](")![0xffffff81]DRB`[0xffffff99][0xffffff9e][0x12][0x1][0xffffffce][0xffffffe4][0xffffff94][0x8][0xffffff88][0x1a][0xffffffa5][0xffffff84][0xffffff92]'[0xffffff9a][0x12][0xffffffda][0xffffffa5]hJ([0xffffffb5]b)[0x11]M[0xb][0xffffffa5]D[0x14][0xffffffef][0xffffff85][0xffffff94]P{%J[0x1d][0xffffffd4][[0xffffff89][0x3][0xffffffdf]+q[0x18][0xffffffec][0xffffff95]8[0xffffffc4][0xfffffff0]s"[0xffffffe0][0xffffffd8]^[0xffffff89]#[0xffffff8c]7[0xffffff93])a[0xffffffb2]WB[0x2][0xffffffc9][0xffffffa4][0xffffff84][0xffffffc1]^[0xffffff89][0x0]gvJ[0x18][0xffffffef][0xffffff95]P[0xfffffff2]dS[0xffffffc2]o[0xffffffaf][0xffffff84]R+[0xffffff97][0x12].{%[0xffffffa2]x/[0xffffffa4]DQ)q[0xffffffde][0xffffffa8][0xffffffbb][0x12]o[0xffffffe7][0xffffff81]S[0xffffffa2][0x18][0xffffffa4]D[0xffffff89][0xffffffbc]'[0x2]^[0xffffffb0][0xffffff94](N)[0x11]QdRB[0x1][0xffffffc9][0xffffffa4]D[0xffffffc4]2?%v8[0xffffffb3]SbG[0xffffffd4])%[0xffffff84]<[0xffffffd9][0xffffff94][0xffffff90].eSB[0xffffffa8][0xffffff95]K[0xffffff89]`Z*%[0xffffff82]x/[0xffffffa5]D[0x1c][0x6]eS[0x2][0x1e][0x6]}[0xffffff9c][0xffffff80]O[0x9]p[0x18][0xfffffff4][0xfffffff1]t*%|[0xffffff86]A[0x5][0xffffff8a]TJ[0xffffff98][0xc][0xffffff83][\n]"
12:49:33.318 [main] DEBUG org.apache.hc.client5.http.wire - http-outgoing-1 << ",[0xffffff89][0xffffff94]@[0xffffff87]A[0x3][0xffffffa2]^)[0xffffffe1]5[0xc][0xffffffaa]]J[0xffffffa7][0xffffff84][0xffffffcf]0h4-[0xffffff97][0x12]?=[0xc]z[0xffffffff]7[0xffffff9a]YJ4<%[0xffffff9a]AJ44%[0x1a][0xffffff96][0x12][0xffffffcd])"
12:49:33.318 [main] DEBUG org.apache.hc.client5.http.wire - http-outgoing-1 << "%v[0x14][0xffffffa9][0xffffff94][0xffffff88]@R)[0xffffffb1]cI[0xffffffa4]D[0xffffff83]S[0xffffffa2][0x19][0xffffffa7]D[0xffffff90]'[0xffffff9d][0x12][0xffffffc2][0xffffffa5]tJ[0x4][0xffffffb5][0xffffff92])[0xffffffd1]\R[0xffffffa2][0xfffffffd][0x1d]R[0xffffffe2]p[0xfffffffb][0xffffff85][0xffffffe3][0xffffffe0][0x7f][0xffffffe2][0xffffffb8][0x1f][0xffffff81][0xffffffaf][0xffffff89][0xffffff8f]CP9qp[0xffffffbf]r[0x1c]V?s[0x4][0x1e][0xffffffa9][0xffffffa2][0x10]TRI[0x11][0xffffffd8]$[0xffffff9a][0xffffffe2][0xffffffa0][0x7f][0xffffffea]8[0xffffff9c][0x7f][0xffffffeb][0xffffff88][0x1a][0xffffffa5][0xffffffb3]BY[0xffffff95][0xffffffee][0xffffff8a](Y2,v[0xffffffe7]re[0xffffffb1]+[0xfffffff8]RZ[0x14][0xffffffbb]_<[0xc]~[0xfffffff2][0xffffffb0][0xfffffff8][0xffffffcd][0x3][0xfffffffe][0xffffffd1][0x3][0xfffffffc][0xffffffd5][0xffffffc3][0xffffffeb]g[0xf][0xffffff9b][0xffffffdf]=[0xffffff8c]~[0xfffffff8][0xffffffb0][0xfffffff8][0xffffffe5][0x3][0xffffffff][0xffffffe9][0xffffffc3][0xfffffffa][0xffffffb7][0xf][0xffffffbf][0x1f]?[0x1c][0x7f][0xfffffffd][0xfffffff0][0xfffffffa][0xfffffff9][0xffffffc3][0xffffffe7][0xfffffff7][0xffffff8f][0xffffff9f][0xfffffff8][0x1][0xffffffa4]=[0xfffffffe][0xffffff91]r[0xffffff8a]k[0xffffff99][0xffffffe7][0xffffffb9]FzY|[0xffffff9e][0xffffff87][\n]"
12:49:33.318 [main] DEBUG org.apache.hc.client5.http.wire - http-outgoing-1 << "[0xffffff8b]/'[0xffffffc0][0xffffffba]b;CrV|yzrU[0xfffffffc][0xfffffffa][0xffffffc9]pT<E1[0xffffffb9])~[0x0]drR<[0xffffffc5]2[0xffffffb1]([0xffffff9e][0xffffffc0][0xffffff99][0x16][0x14]O[0x10][0xffffffb5][0xffffffe8][0xffffff89][0xffffffe7][0xfffffff2][0xffffff84]r[0xffffffe2]G.[0xffffff85]j[0xffffffe2][0xffffffb9]Z[0xffffff81][0xffffff98]xf[0xffffffda][0xfffffff4][0xffffff96]x&[0xffffffde][0xb])[0xffffffa1]>[0xfffffff7]u[0xfffffff6][0xffffff81][0xffffffa5][0x4][0xfffffff8][0xffffffb9][0xffffffaf]/'[0xffffffa0]S[0x2][0xfffffffa][0xffffffdc][0xffffffd7][0xffffff97][0xffffffa7]3)[0xffffffe1][0xfffffff1][0xffffffb9][0xffffffaf][0xffffffa7](2)a[0xfffffff0][0xffffffb9][0xffffffaf][0xffffffa7]X[0xffffffe6][0xffffffa7][0x4][0xfffffff6][0xffffffb9][0xffffffaf]'[0xffffff88]:[0xffffffa5][0xffffff84][0xffffffcf][0xffffffe7][0xffffffbe]~[0xffffffe4]R6%<>[0xfffffff7][0xfffffff5][0xffffffcc][0xffffffb4]TJ[0xfffffffc][0xffffffd4][0xffffffe7][0xffffffbe]>[0xfffffffe][\r][0xffffffb5]X[0xffffffbb][0xffffffd7]U[0xffffffa9][0xffffff94][0x0][0x17]k[0x7f]9[0x1][0xffffff9d][0x12][0xffffffd0]b[0xffffffed]/OgR[0xffffffc2]c[0xffffffb1][0xfffffff6]S[0x14][0xffffff99][0xffffff94]0X[0xffffffac][0xfffffffd][0x14][0xffffffcb][0xfffffffc][0xffffff94][0xffffffc0][0x16]k?A[0xffffffd4])%|[0x16]k[0xffffffff][0xffffffc8][0xffffffa5]lJx,[0xffffffd6]~fZ*%~j[0xffffffb1][0xfffffff6][0xffffffc7][0xffffffbf][0xffffffa1][0x16]k[0xfffffff7]q[0xffffffe6]o[0xffffffc3][0xfffffffc]<[0xf][0xffffff9c][0x12][0xffffffe8]b[0xffffffed][0xffffffed][0xc]LJ[0x0][0xffffff8b][0xffffffb5][0x7f][0xfffffffd]d[0xffffff8f][0xffffff94][0xffffffc0][0x17]k[0xffffffff][0x0]H&%[0xffffffd0][0xffffffc5][0xffffffda]O[0xffffffe0][0xffffffcc]N[0x9][0xffffffcb][0xffffffc5][0xffffffda][0xffffffcf][0xffffffe5][0xffffffc9][0xffffffa6][0xffffff84][0xffffffd3]b[0xffffffed][0xffffffe7]j[0xffffffe5]R[0xffffff82]_[0xffffffac][0xfffffffd]L[0xffffffbc][0xffffffaf][0xffffffa7]DU[0xffffff8b][0xffffffb5][0xfffffffb][0xffffffea][0x13]J[0xffffff89][\n]"
12:49:33.319 [main] DEBUG org.apache.hc.client5.http.wire - http-outgoing-1 << ".[0xffffffd6][0xfffffffe]r[0x2]8%[0xffffffaa][0xffffffd8][0xfffffffe][0xffffff9a][0x7]x[0x5][0x16]k[0xffffffff][0xfffffffa][0xffffffc9][0x16])!PDRB[0x2][0xffffff89][0xffffffa4][0xffffff84][0xffffffc0]2=%[0x2][0xffffff9c][0xffffffc9])[0x11][0x10]5J[0x9]%O4%[0xffffffb4]K[0xffffffd1][0xffffff94]Pj[0xffffffc5]R"[0xffffff9a][0x16]J[0xffffff89]([0xffffffde][0xb])[0xffffffa1][0x16]k[0xffffff8f]cRo%*[0xffffffb8]X[0xfffffffb][0xffffffcb][0x9][0xffffffe8][0xffffff94][0xffffff80][0x16]k[0x7f]y:[0xffffff93][0x12][0x1e][0xffffff8b][0xffffffb5][0xffffff9f][0xffffffa2][0xffffffc8][0xffffffa4][0xffffff84][0xffffffc1]b[0xffffffed][0xffffffa7]X[0xffffffe6][0xffffffa7][0x4][0xffffffb6]X[0xfffffffb][0x9][0xffffffa2]N)[0xffffffe1][0xffffffb3]X[0xfffffffb]G.eS[0xffffffc2]c[0xffffffb1][0xfffffff6]3[0xffffffd3]R)[0xfffffff1]S[0xffffff8b][0xffffffb5]?[0xfffffffe][\r][0xffffffb5]X{[0xffffffd4]yR)[0x1].[0xffffffd6][0xfffffffe]r[0x2]:%[0xffffffa0][0xffffffc5][0xffffffda]_[0xffffff9e][0xffffffce][0xffffffa4][0xffffff84][0xffffffc7]b[0xffffffed][0xffffffa7](2)a[0xffffffb0]X[0xfffffffb])[0xffffff96][0xfffffff9])[0xffffff81]-[0xffffffd6]~[0xffffff82][0xffffffa8]SJ[0xfffffff8],[0xffffffd6][0xfffffffe][0xffffff91]K[0xffffffd9][0xffffff94][0xfffffff0]X[0xffffffac][0xfffffffd][0xffffffcc][0xffffffb4]TJ[0xfffffffc][0xffffffd4]b[0xffffffed][0xffffff8f][0x7f][0xffffffa3][0xffffffaa][0xffffff94]h\JT<%[0xffffffaa]AJ[0xffffffd4][0xffffffc8]{"[0xffffffe0][0x15]K[0xffffff89][0xffffffea][0xffffff94][0x12][0x11]E&%[0x14][0xffffff90]LJD,[0xfffffff3]Sb[0xffffff87]3;%vD[0xffffff9d]RB[0xffffffc8][0xffffff93]M[0x9][0xffffffe9]R6%[0xffffff84]Z[0xffffffb9][0xffffff94][0x8][0xffffffa6][0xffffffa5]R"[0xffffff88][0xfffffff7]BJ4[0xffffff95][0x12]g[0xffffffb9]Q)[0xffffffd1][0xfffffff0][0xffffff94]h[0x6])[0xffffffd1]"[0xffffffef][0xffffff89][0xffffff80]7,%[0xffffff9a]SJD[0x14][0xffffff99][0xffffff94]P@2)[0x11][0xffffffb1][0xffffffcc]O[0xffffff89][0x1d][0xffffffce][0xffffffec][0xffffff94][0xffffffd8][0x11]uJ[0x9]!O6%[0xffffffa4]K[0xffffffd9][0xffffff94][0x10]j[0xffffffe5]R"[0xffffff98][0xffffff96]J[0xffffff89] [0xffffffde][0xb])[0xffffffa1]VT[0xffffff8d][0xffffffb3][0x17]*%[0xfffffff0][0x15]U[0xffffffd5]`EU[0x15]{T[0x12][0x1][0xffffffc7]VT[0xffffffd5][0xffffffb0])[0xffffff85]L[0x9][0xffffff93][0x15]U[0x12]H&%[0xc]VT[0x5]8[0xffffffb3]S[0xffffffc2]xE[0xffffff95][0xffffff92]'[0xffffff9b][0x12]~+[0xffffffaa][0xffffff94]Z[0xffffffb9][0xffffff94]pYQ[0x15][0xffffffc5]{!%[0xffffffd4][0xffffff8a][0xffffffaa]q.[0xffffffec][0xffffffda]%[0xffffffbe][0xffffffa2][0xffffffaa][0x1a][0xffffffac][0xffffffa8][0xffffffaa]b[0xffffff8f]J"[0xffffffe0][0xffffffd8][0xffffff8a][0xffffffaa][0x1a]6[0xffffffa5][0xffffff90])a[0xffffffb2][0xffffffa2]J[0x2][0xffffffc9][0xffffffa4][0xffffff84][0xffffffc1][0xffffff8a][0xffffffaa][0x0]gvJ[0x18][0xffffffaf][0xffffffa8]R[0xfffffff2]dS[0xffffffc2]oE[0xffffff95]R+[0xffffff97][0x12].+[0xffffffaa][0xffffffa2]x/[0xffffffa4][0xffffffc4]P)[0xffffffd1][0x1b][0xfffffff6]Vb[0xffffffe0])1[0xc]RbD[0xffffffde][0x13][0x1][0x1f]XJ[0xc][0xffffffa7][0xffffff94][0xffffff88](2)[0xffffffa1][0xffffff80]dR"b[0xffffff99][0xffffff9f][0x12];[0xffffff9c][0xffffffd9])[0xffffffb1]#[0xffffffea][0xffffff94][0x12]B[0xffffff9e]lJH[0xffffff97][0xffffffb2])![0xffffffd4][0xffffffca][0xffffffa5]D0-[0xffffff95][0x12]A[0xffffffbc][0x17]RBm[0xffffffbb][0x1c]ca{%[0xfffffff0]m[0xffffff97][0xffffffd5]`[0xffffffdb]e[0x15]+[0xffffffd9][0x12][0x1][0xffffffc7][0xffffffb6]][0xffffffd6][0xffffffb0]t[0xffffff8d]L[0x9][0xffffff93]m[0xffffff97][0x12]H&%[0xc][0xffffffb6]][0x6]8[0xffffffb3]S[0xffffffc2]x[0xffffffdb][0xffffffa5][0xffffff92]'[0xffffff9b][0x12]~[0xffffffdb].[0xffffff95]Z[0xffffffb9][0xffffff94]p[0xffffffd9]v[0x19][0xffffffc5]{!%[0xffffffd4][0xffffffb6][0xffffffcb]yT[0xffffffec][0xffffffad][0x4][0xffffffbe][0xffffffed][0xffffffb2][0x1a]l[0xffffffbb][0xffffffac]b%["[0xffffffe0][0xffffffd8][0xffffffb6][0xffffffcb][0x1a][0xffffff96][0xffffffae][0xffffff91])a[0xffffffb2][0xffffffed]R[0x2][0xffffffc9][0xffffffa4][0xffffff84][0xffffffc1][0xffffffb6][0xffffffcb][0x0]gvJ[0x18]o[0xffffffbb]T[0xfffffff2]dS[0xffffffc2]o[0xffffffdb][0xffffffa5]R+[0xffffff97][0x12].[0xffffffdb].[0xffffffa3]x[0x7f][0xffffff98][0x12][0xffffffff][0xfffffff5][0x7f][0xfffffffd]o[0xffffffff][0x1f]A[0xffffffd6][0xffffff9f]k[0xffffffa8][0x1a][0xe][0x0]"
12:49:33.383 [main] DEBUG org.apache.hc.client5.http.impl.classic.InternalHttpClient - ep-0000000002 releasing valid endpoint
12:49:33.383 [main] DEBUG org.apache.hc.client5.http.impl.io.PoolingHttpClientConnectionManager - ep-0000000002 releasing endpoint
12:49:33.384 [main] DEBUG org.apache.hc.client5.http.impl.io.PoolingHttpClientConnectionManager - ep-0000000002 connection http-outgoing-1 can be kept alive for 3 MINUTES
12:49:33.384 [main] DEBUG org.apache.hc.client5.http.impl.io.PoolingHttpClientConnectionManager - ep-0000000002 connection released [route: {s}->https://googlechromelabs.github.io:443][total available: 2; route allocated: 1 of 5; total allocated: 2 of 25]
12:49:33.384 [main] INFO io.github.bonigarcia.wdm.WebDriverManager - Using chromedriver 122.0.6261.94 (resolved driver for Chrome 122)
12:49:33.386 [main] DEBUG io.github.bonigarcia.wdm.cache.ResolutionCache - Storing resolution chrome=122 in cache (valid until 13:49:33 06/03/2024 IST)
12:49:33.389 [main] DEBUG io.github.bonigarcia.wdm.cache.ResolutionCache - Storing resolution chrome122=122.0.6261.94 in cache (valid until 12:49:33 07/03/2024 IST)
12:49:33.411 [main] DEBUG io.github.bonigarcia.wdm.WebDriverManager - Driver chromedriver 122.0.6261.94 found in cache
12:49:33.411 [main] INFO io.github.bonigarcia.wdm.WebDriverManager - Exporting webdriver.chrome.driver as C:\Users\loges\.cache\selenium\chromedriver\win64\122.0.6261.94\chromedriver.exe
  Given user launches the browser # stepDefinitions.LoginSteps_Facebook.user_launches_the_browser()
]]></system-out>
  </testcase>
  <testcase name="Login with Valid Credentials" classname="Login to Facebook" time="17.45">
    <system-out><![CDATA[
Scenario Outline: Login with Valid Credentials                                  # src/test/resources/features/login_facebook.feature:13
12:49:34.685 [main] DEBUG io.github.bonigarcia.wdm.WebDriverManager - Using WebDriverManager 5.7.0
12:49:34.693 [main] DEBUG io.github.bonigarcia.wdm.cache.ResolutionCache - Resolution chrome=122 in cache (valid until 13:49:33 06/03/2024 IST)
12:49:34.693 [main] DEBUG io.github.bonigarcia.wdm.cache.ResolutionCache - Resolution chrome122=122.0.6261.94 in cache (valid until 12:49:33 07/03/2024 IST)
12:49:34.693 [main] INFO io.github.bonigarcia.wdm.WebDriverManager - Using chromedriver 122.0.6261.94 (resolved driver for Chrome 122)
12:49:34.699 [main] DEBUG io.github.bonigarcia.wdm.WebDriverManager - Driver chromedriver 122.0.6261.94 found in cache
12:49:34.700 [main] INFO io.github.bonigarcia.wdm.WebDriverManager - Exporting webdriver.chrome.driver as C:\Users\loges\.cache\selenium\chromedriver\win64\122.0.6261.94\chromedriver.exe
  Given User navigates to the Facebook login page at "https://www.facebook.com" # stepDefinitions.LoginSteps_Facebook.user_navigates_to_the_facebook_login_page_at(java.lang.String)
  When User enters username as "valid" and password as "valid"                  # stepDefinitions.LoginSteps_Facebook.user_enters_username_as_and_password_as(java.lang.String,java.lang.String)
  Then User should be able to login by clicking on the login button             # stepDefinitions.LoginSteps_Facebook.user_should_be_able_to_login_by_clicking_on_the_login_button()
]]></system-out>
  </testcase>
</testsuite>